INFO - 2024-08-30 06:58:57 --> REDIRECTED ROUTE at http://localhost:8081/auth
INFO - 2024-08-30 06:58:58 --> REDIRECTED ROUTE at http://localhost:8081/auth
WARNING - 2024-08-30 06:58:58 --> [DEPRECATED] Creation of dynamic property App\Controllers\Login::$ModelUser is deprecated in APPPATH\Controllers\Login.php on line 12.
 1 SYSTEMPATH\CodeIgniter.php(903): App\Controllers\Login->__construct()
 2 SYSTEMPATH\CodeIgniter.php(500): CodeIgniter\CodeIgniter->createController()
 3 SYSTEMPATH\CodeIgniter.php(355): CodeIgniter\CodeIgniter->handleRequest(null, Object(Config\Cache), false)
 4 SYSTEMPATH\Boot.php(325): CodeIgniter\CodeIgniter->run()
 5 SYSTEMPATH\Boot.php(67): CodeIgniter\Boot::runCodeIgniter(Object(CodeIgniter\CodeIgniter))
 6 FCPATH\index.php(56): CodeIgniter\Boot::bootWeb(Object(Config\Paths))
 7 SYSTEMPATH\Commands\Server\rewrite.php(49): require_once('C:\\xamppnew\\htdocs\\ci4-stilsa\\public\\index.php')
INFO - 2024-08-30 06:58:58 --> Session: Class initialized using 'CodeIgniter\Session\Handlers\FileHandler' driver.
WARNING - 2024-08-30 06:59:32 --> [DEPRECATED] Creation of dynamic property App\Controllers\Login::$ModelUser is deprecated in APPPATH\Controllers\Login.php on line 12.
 1 SYSTEMPATH\CodeIgniter.php(903): App\Controllers\Login->__construct()
 2 SYSTEMPATH\CodeIgniter.php(500): CodeIgniter\CodeIgniter->createController()
 3 SYSTEMPATH\CodeIgniter.php(355): CodeIgniter\CodeIgniter->handleRequest(null, Object(Config\Cache), false)
 4 SYSTEMPATH\Boot.php(325): CodeIgniter\CodeIgniter->run()
 5 SYSTEMPATH\Boot.php(67): CodeIgniter\Boot::runCodeIgniter(Object(CodeIgniter\CodeIgniter))
 6 FCPATH\index.php(56): CodeIgniter\Boot::bootWeb(Object(Config\Paths))
 7 SYSTEMPATH\Commands\Server\rewrite.php(49): require_once('C:\\xamppnew\\htdocs\\ci4-stilsa\\public\\index.php')
INFO - 2024-08-30 06:59:32 --> Session: Class initialized using 'CodeIgniter\Session\Handlers\FileHandler' driver.
DEBUG - 2024-08-30 06:59:32 --> User found: {"id_user":"1","nama":"admin gudang","username":"admin","password":"$2y$10$j\/WWXZ7YCPcUvkh4R.LEW.n6J1fVwtJcihMNifOpOSV.FbguQGuYW","level":"admin"}
INFO - 2024-08-30 06:59:32 --> Session: Class initialized using 'CodeIgniter\Session\Handlers\FileHandler' driver.
INFO - 2024-08-30 06:59:38 --> Session: Class initialized using 'CodeIgniter\Session\Handlers\FileHandler' driver.
WARNING - 2024-08-30 06:59:42 --> [DEPRECATED] Creation of dynamic property App\Controllers\Barang::$ModelBarang is deprecated in APPPATH\Controllers\Barang.php on line 21.
 1 SYSTEMPATH\CodeIgniter.php(903): App\Controllers\Barang->__construct()
 2 SYSTEMPATH\CodeIgniter.php(500): CodeIgniter\CodeIgniter->createController()
 3 SYSTEMPATH\CodeIgniter.php(355): CodeIgniter\CodeIgniter->handleRequest(null, Object(Config\Cache), false)
 4 SYSTEMPATH\Boot.php(325): CodeIgniter\CodeIgniter->run()
 5 SYSTEMPATH\Boot.php(67): CodeIgniter\Boot::runCodeIgniter(Object(CodeIgniter\CodeIgniter))
 6 FCPATH\index.php(56): CodeIgniter\Boot::bootWeb(Object(Config\Paths))
 7 SYSTEMPATH\Commands\Server\rewrite.php(49): require_once('C:\\xamppnew\\htdocs\\ci4-stilsa\\public\\index.php')
WARNING - 2024-08-30 06:59:42 --> [DEPRECATED] Creation of dynamic property App\Controllers\Barang::$ModelDetailPenerimaan is deprecated in APPPATH\Controllers\Barang.php on line 22.
 1 SYSTEMPATH\CodeIgniter.php(903): App\Controllers\Barang->__construct()
 2 SYSTEMPATH\CodeIgniter.php(500): CodeIgniter\CodeIgniter->createController()
 3 SYSTEMPATH\CodeIgniter.php(355): CodeIgniter\CodeIgniter->handleRequest(null, Object(Config\Cache), false)
 4 SYSTEMPATH\Boot.php(325): CodeIgniter\CodeIgniter->run()
 5 SYSTEMPATH\Boot.php(67): CodeIgniter\Boot::runCodeIgniter(Object(CodeIgniter\CodeIgniter))
 6 FCPATH\index.php(56): CodeIgniter\Boot::bootWeb(Object(Config\Paths))
 7 SYSTEMPATH\Commands\Server\rewrite.php(49): require_once('C:\\xamppnew\\htdocs\\ci4-stilsa\\public\\index.php')
WARNING - 2024-08-30 06:59:42 --> [DEPRECATED] Creation of dynamic property App\Controllers\Barang::$ModelDetailPengeluaran is deprecated in APPPATH\Controllers\Barang.php on line 23.
 1 SYSTEMPATH\CodeIgniter.php(903): App\Controllers\Barang->__construct()
 2 SYSTEMPATH\CodeIgniter.php(500): CodeIgniter\CodeIgniter->createController()
 3 SYSTEMPATH\CodeIgniter.php(355): CodeIgniter\CodeIgniter->handleRequest(null, Object(Config\Cache), false)
 4 SYSTEMPATH\Boot.php(325): CodeIgniter\CodeIgniter->run()
 5 SYSTEMPATH\Boot.php(67): CodeIgniter\Boot::runCodeIgniter(Object(CodeIgniter\CodeIgniter))
 6 FCPATH\index.php(56): CodeIgniter\Boot::bootWeb(Object(Config\Paths))
 7 SYSTEMPATH\Commands\Server\rewrite.php(49): require_once('C:\\xamppnew\\htdocs\\ci4-stilsa\\public\\index.php')
WARNING - 2024-08-30 06:59:42 --> [DEPRECATED] Creation of dynamic property App\Controllers\Barang::$ModelDetailPenukaran is deprecated in APPPATH\Controllers\Barang.php on line 24.
 1 SYSTEMPATH\CodeIgniter.php(903): App\Controllers\Barang->__construct()
 2 SYSTEMPATH\CodeIgniter.php(500): CodeIgniter\CodeIgniter->createController()
 3 SYSTEMPATH\CodeIgniter.php(355): CodeIgniter\CodeIgniter->handleRequest(null, Object(Config\Cache), false)
 4 SYSTEMPATH\Boot.php(325): CodeIgniter\CodeIgniter->run()
 5 SYSTEMPATH\Boot.php(67): CodeIgniter\Boot::runCodeIgniter(Object(CodeIgniter\CodeIgniter))
 6 FCPATH\index.php(56): CodeIgniter\Boot::bootWeb(Object(Config\Paths))
 7 SYSTEMPATH\Commands\Server\rewrite.php(49): require_once('C:\\xamppnew\\htdocs\\ci4-stilsa\\public\\index.php')
INFO - 2024-08-30 06:59:42 --> Session: Class initialized using 'CodeIgniter\Session\Handlers\FileHandler' driver.
WARNING - 2024-08-30 07:00:05 --> [DEPRECATED] Creation of dynamic property App\Controllers\Pengadaan::$ModelPengadaan is deprecated in APPPATH\Controllers\Pengadaan.php on line 18.
 1 SYSTEMPATH\CodeIgniter.php(903): App\Controllers\Pengadaan->__construct()
 2 SYSTEMPATH\CodeIgniter.php(500): CodeIgniter\CodeIgniter->createController()
 3 SYSTEMPATH\CodeIgniter.php(355): CodeIgniter\CodeIgniter->handleRequest(null, Object(Config\Cache), false)
 4 SYSTEMPATH\Boot.php(325): CodeIgniter\CodeIgniter->run()
 5 SYSTEMPATH\Boot.php(67): CodeIgniter\Boot::runCodeIgniter(Object(CodeIgniter\CodeIgniter))
 6 FCPATH\index.php(56): CodeIgniter\Boot::bootWeb(Object(Config\Paths))
 7 SYSTEMPATH\Commands\Server\rewrite.php(49): require_once('C:\\xamppnew\\htdocs\\ci4-stilsa\\public\\index.php')
WARNING - 2024-08-30 07:00:05 --> [DEPRECATED] Creation of dynamic property App\Controllers\Pengadaan::$ModelPermintaan is deprecated in APPPATH\Controllers\Pengadaan.php on line 19.
 1 SYSTEMPATH\CodeIgniter.php(903): App\Controllers\Pengadaan->__construct()
 2 SYSTEMPATH\CodeIgniter.php(500): CodeIgniter\CodeIgniter->createController()
 3 SYSTEMPATH\CodeIgniter.php(355): CodeIgniter\CodeIgniter->handleRequest(null, Object(Config\Cache), false)
 4 SYSTEMPATH\Boot.php(325): CodeIgniter\CodeIgniter->run()
 5 SYSTEMPATH\Boot.php(67): CodeIgniter\Boot::runCodeIgniter(Object(CodeIgniter\CodeIgniter))
 6 FCPATH\index.php(56): CodeIgniter\Boot::bootWeb(Object(Config\Paths))
 7 SYSTEMPATH\Commands\Server\rewrite.php(49): require_once('C:\\xamppnew\\htdocs\\ci4-stilsa\\public\\index.php')
WARNING - 2024-08-30 07:00:05 --> [DEPRECATED] Creation of dynamic property App\Controllers\Pengadaan::$ModelPenerimaan is deprecated in APPPATH\Controllers\Pengadaan.php on line 20.
 1 SYSTEMPATH\CodeIgniter.php(903): App\Controllers\Pengadaan->__construct()
 2 SYSTEMPATH\CodeIgniter.php(500): CodeIgniter\CodeIgniter->createController()
 3 SYSTEMPATH\CodeIgniter.php(355): CodeIgniter\CodeIgniter->handleRequest(null, Object(Config\Cache), false)
 4 SYSTEMPATH\Boot.php(325): CodeIgniter\CodeIgniter->run()
 5 SYSTEMPATH\Boot.php(67): CodeIgniter\Boot::runCodeIgniter(Object(CodeIgniter\CodeIgniter))
 6 FCPATH\index.php(56): CodeIgniter\Boot::bootWeb(Object(Config\Paths))
 7 SYSTEMPATH\Commands\Server\rewrite.php(49): require_once('C:\\xamppnew\\htdocs\\ci4-stilsa\\public\\index.php')
WARNING - 2024-08-30 07:00:05 --> [DEPRECATED] Creation of dynamic property App\Controllers\Pengadaan::$ModelDetailPengadaan is deprecated in APPPATH\Controllers\Pengadaan.php on line 21.
 1 SYSTEMPATH\CodeIgniter.php(903): App\Controllers\Pengadaan->__construct()
 2 SYSTEMPATH\CodeIgniter.php(500): CodeIgniter\CodeIgniter->createController()
 3 SYSTEMPATH\CodeIgniter.php(355): CodeIgniter\CodeIgniter->handleRequest(null, Object(Config\Cache), false)
 4 SYSTEMPATH\Boot.php(325): CodeIgniter\CodeIgniter->run()
 5 SYSTEMPATH\Boot.php(67): CodeIgniter\Boot::runCodeIgniter(Object(CodeIgniter\CodeIgniter))
 6 FCPATH\index.php(56): CodeIgniter\Boot::bootWeb(Object(Config\Paths))
 7 SYSTEMPATH\Commands\Server\rewrite.php(49): require_once('C:\\xamppnew\\htdocs\\ci4-stilsa\\public\\index.php')
WARNING - 2024-08-30 07:00:05 --> [DEPRECATED] Creation of dynamic property App\Controllers\Pengadaan::$ModelDetailPermintaan is deprecated in APPPATH\Controllers\Pengadaan.php on line 22.
 1 SYSTEMPATH\CodeIgniter.php(903): App\Controllers\Pengadaan->__construct()
 2 SYSTEMPATH\CodeIgniter.php(500): CodeIgniter\CodeIgniter->createController()
 3 SYSTEMPATH\CodeIgniter.php(355): CodeIgniter\CodeIgniter->handleRequest(null, Object(Config\Cache), false)
 4 SYSTEMPATH\Boot.php(325): CodeIgniter\CodeIgniter->run()
 5 SYSTEMPATH\Boot.php(67): CodeIgniter\Boot::runCodeIgniter(Object(CodeIgniter\CodeIgniter))
 6 FCPATH\index.php(56): CodeIgniter\Boot::bootWeb(Object(Config\Paths))
 7 SYSTEMPATH\Commands\Server\rewrite.php(49): require_once('C:\\xamppnew\\htdocs\\ci4-stilsa\\public\\index.php')
WARNING - 2024-08-30 07:00:05 --> [DEPRECATED] Creation of dynamic property App\Controllers\Pengadaan::$ModelBarang is deprecated in APPPATH\Controllers\Pengadaan.php on line 23.
 1 SYSTEMPATH\CodeIgniter.php(903): App\Controllers\Pengadaan->__construct()
 2 SYSTEMPATH\CodeIgniter.php(500): CodeIgniter\CodeIgniter->createController()
 3 SYSTEMPATH\CodeIgniter.php(355): CodeIgniter\CodeIgniter->handleRequest(null, Object(Config\Cache), false)
 4 SYSTEMPATH\Boot.php(325): CodeIgniter\CodeIgniter->run()
 5 SYSTEMPATH\Boot.php(67): CodeIgniter\Boot::runCodeIgniter(Object(CodeIgniter\CodeIgniter))
 6 FCPATH\index.php(56): CodeIgniter\Boot::bootWeb(Object(Config\Paths))
 7 SYSTEMPATH\Commands\Server\rewrite.php(49): require_once('C:\\xamppnew\\htdocs\\ci4-stilsa\\public\\index.php')
INFO - 2024-08-30 07:00:05 --> Session: Class initialized using 'CodeIgniter\Session\Handlers\FileHandler' driver.
WARNING - 2024-08-30 07:00:07 --> [DEPRECATED] Creation of dynamic property App\Controllers\Pengadaan::$ModelPengadaan is deprecated in APPPATH\Controllers\Pengadaan.php on line 18.
 1 SYSTEMPATH\CodeIgniter.php(903): App\Controllers\Pengadaan->__construct()
 2 SYSTEMPATH\CodeIgniter.php(500): CodeIgniter\CodeIgniter->createController()
 3 SYSTEMPATH\CodeIgniter.php(355): CodeIgniter\CodeIgniter->handleRequest(null, Object(Config\Cache), false)
 4 SYSTEMPATH\Boot.php(325): CodeIgniter\CodeIgniter->run()
 5 SYSTEMPATH\Boot.php(67): CodeIgniter\Boot::runCodeIgniter(Object(CodeIgniter\CodeIgniter))
 6 FCPATH\index.php(56): CodeIgniter\Boot::bootWeb(Object(Config\Paths))
 7 SYSTEMPATH\Commands\Server\rewrite.php(49): require_once('C:\\xamppnew\\htdocs\\ci4-stilsa\\public\\index.php')
WARNING - 2024-08-30 07:00:07 --> [DEPRECATED] Creation of dynamic property App\Controllers\Pengadaan::$ModelPermintaan is deprecated in APPPATH\Controllers\Pengadaan.php on line 19.
 1 SYSTEMPATH\CodeIgniter.php(903): App\Controllers\Pengadaan->__construct()
 2 SYSTEMPATH\CodeIgniter.php(500): CodeIgniter\CodeIgniter->createController()
 3 SYSTEMPATH\CodeIgniter.php(355): CodeIgniter\CodeIgniter->handleRequest(null, Object(Config\Cache), false)
 4 SYSTEMPATH\Boot.php(325): CodeIgniter\CodeIgniter->run()
 5 SYSTEMPATH\Boot.php(67): CodeIgniter\Boot::runCodeIgniter(Object(CodeIgniter\CodeIgniter))
 6 FCPATH\index.php(56): CodeIgniter\Boot::bootWeb(Object(Config\Paths))
 7 SYSTEMPATH\Commands\Server\rewrite.php(49): require_once('C:\\xamppnew\\htdocs\\ci4-stilsa\\public\\index.php')
WARNING - 2024-08-30 07:00:07 --> [DEPRECATED] Creation of dynamic property App\Controllers\Pengadaan::$ModelPenerimaan is deprecated in APPPATH\Controllers\Pengadaan.php on line 20.
 1 SYSTEMPATH\CodeIgniter.php(903): App\Controllers\Pengadaan->__construct()
 2 SYSTEMPATH\CodeIgniter.php(500): CodeIgniter\CodeIgniter->createController()
 3 SYSTEMPATH\CodeIgniter.php(355): CodeIgniter\CodeIgniter->handleRequest(null, Object(Config\Cache), false)
 4 SYSTEMPATH\Boot.php(325): CodeIgniter\CodeIgniter->run()
 5 SYSTEMPATH\Boot.php(67): CodeIgniter\Boot::runCodeIgniter(Object(CodeIgniter\CodeIgniter))
 6 FCPATH\index.php(56): CodeIgniter\Boot::bootWeb(Object(Config\Paths))
 7 SYSTEMPATH\Commands\Server\rewrite.php(49): require_once('C:\\xamppnew\\htdocs\\ci4-stilsa\\public\\index.php')
WARNING - 2024-08-30 07:00:07 --> [DEPRECATED] Creation of dynamic property App\Controllers\Pengadaan::$ModelDetailPengadaan is deprecated in APPPATH\Controllers\Pengadaan.php on line 21.
 1 SYSTEMPATH\CodeIgniter.php(903): App\Controllers\Pengadaan->__construct()
 2 SYSTEMPATH\CodeIgniter.php(500): CodeIgniter\CodeIgniter->createController()
 3 SYSTEMPATH\CodeIgniter.php(355): CodeIgniter\CodeIgniter->handleRequest(null, Object(Config\Cache), false)
 4 SYSTEMPATH\Boot.php(325): CodeIgniter\CodeIgniter->run()
 5 SYSTEMPATH\Boot.php(67): CodeIgniter\Boot::runCodeIgniter(Object(CodeIgniter\CodeIgniter))
 6 FCPATH\index.php(56): CodeIgniter\Boot::bootWeb(Object(Config\Paths))
 7 SYSTEMPATH\Commands\Server\rewrite.php(49): require_once('C:\\xamppnew\\htdocs\\ci4-stilsa\\public\\index.php')
WARNING - 2024-08-30 07:00:07 --> [DEPRECATED] Creation of dynamic property App\Controllers\Pengadaan::$ModelDetailPermintaan is deprecated in APPPATH\Controllers\Pengadaan.php on line 22.
 1 SYSTEMPATH\CodeIgniter.php(903): App\Controllers\Pengadaan->__construct()
 2 SYSTEMPATH\CodeIgniter.php(500): CodeIgniter\CodeIgniter->createController()
 3 SYSTEMPATH\CodeIgniter.php(355): CodeIgniter\CodeIgniter->handleRequest(null, Object(Config\Cache), false)
 4 SYSTEMPATH\Boot.php(325): CodeIgniter\CodeIgniter->run()
 5 SYSTEMPATH\Boot.php(67): CodeIgniter\Boot::runCodeIgniter(Object(CodeIgniter\CodeIgniter))
 6 FCPATH\index.php(56): CodeIgniter\Boot::bootWeb(Object(Config\Paths))
 7 SYSTEMPATH\Commands\Server\rewrite.php(49): require_once('C:\\xamppnew\\htdocs\\ci4-stilsa\\public\\index.php')
WARNING - 2024-08-30 07:00:07 --> [DEPRECATED] Creation of dynamic property App\Controllers\Pengadaan::$ModelBarang is deprecated in APPPATH\Controllers\Pengadaan.php on line 23.
 1 SYSTEMPATH\CodeIgniter.php(903): App\Controllers\Pengadaan->__construct()
 2 SYSTEMPATH\CodeIgniter.php(500): CodeIgniter\CodeIgniter->createController()
 3 SYSTEMPATH\CodeIgniter.php(355): CodeIgniter\CodeIgniter->handleRequest(null, Object(Config\Cache), false)
 4 SYSTEMPATH\Boot.php(325): CodeIgniter\CodeIgniter->run()
 5 SYSTEMPATH\Boot.php(67): CodeIgniter\Boot::runCodeIgniter(Object(CodeIgniter\CodeIgniter))
 6 FCPATH\index.php(56): CodeIgniter\Boot::bootWeb(Object(Config\Paths))
 7 SYSTEMPATH\Commands\Server\rewrite.php(49): require_once('C:\\xamppnew\\htdocs\\ci4-stilsa\\public\\index.php')
INFO - 2024-08-30 07:00:07 --> Session: Class initialized using 'CodeIgniter\Session\Handlers\FileHandler' driver.
WARNING - 2024-08-30 07:00:17 --> [DEPRECATED] Creation of dynamic property App\Controllers\Pengadaan::$ModelPengadaan is deprecated in APPPATH\Controllers\Pengadaan.php on line 18.
 1 SYSTEMPATH\CodeIgniter.php(903): App\Controllers\Pengadaan->__construct()
 2 SYSTEMPATH\CodeIgniter.php(500): CodeIgniter\CodeIgniter->createController()
 3 SYSTEMPATH\CodeIgniter.php(355): CodeIgniter\CodeIgniter->handleRequest(null, Object(Config\Cache), false)
 4 SYSTEMPATH\Boot.php(325): CodeIgniter\CodeIgniter->run()
 5 SYSTEMPATH\Boot.php(67): CodeIgniter\Boot::runCodeIgniter(Object(CodeIgniter\CodeIgniter))
 6 FCPATH\index.php(56): CodeIgniter\Boot::bootWeb(Object(Config\Paths))
 7 SYSTEMPATH\Commands\Server\rewrite.php(49): require_once('C:\\xamppnew\\htdocs\\ci4-stilsa\\public\\index.php')
WARNING - 2024-08-30 07:00:17 --> [DEPRECATED] Creation of dynamic property App\Controllers\Pengadaan::$ModelPermintaan is deprecated in APPPATH\Controllers\Pengadaan.php on line 19.
 1 SYSTEMPATH\CodeIgniter.php(903): App\Controllers\Pengadaan->__construct()
 2 SYSTEMPATH\CodeIgniter.php(500): CodeIgniter\CodeIgniter->createController()
 3 SYSTEMPATH\CodeIgniter.php(355): CodeIgniter\CodeIgniter->handleRequest(null, Object(Config\Cache), false)
 4 SYSTEMPATH\Boot.php(325): CodeIgniter\CodeIgniter->run()
 5 SYSTEMPATH\Boot.php(67): CodeIgniter\Boot::runCodeIgniter(Object(CodeIgniter\CodeIgniter))
 6 FCPATH\index.php(56): CodeIgniter\Boot::bootWeb(Object(Config\Paths))
 7 SYSTEMPATH\Commands\Server\rewrite.php(49): require_once('C:\\xamppnew\\htdocs\\ci4-stilsa\\public\\index.php')
WARNING - 2024-08-30 07:00:17 --> [DEPRECATED] Creation of dynamic property App\Controllers\Pengadaan::$ModelPenerimaan is deprecated in APPPATH\Controllers\Pengadaan.php on line 20.
 1 SYSTEMPATH\CodeIgniter.php(903): App\Controllers\Pengadaan->__construct()
 2 SYSTEMPATH\CodeIgniter.php(500): CodeIgniter\CodeIgniter->createController()
 3 SYSTEMPATH\CodeIgniter.php(355): CodeIgniter\CodeIgniter->handleRequest(null, Object(Config\Cache), false)
 4 SYSTEMPATH\Boot.php(325): CodeIgniter\CodeIgniter->run()
 5 SYSTEMPATH\Boot.php(67): CodeIgniter\Boot::runCodeIgniter(Object(CodeIgniter\CodeIgniter))
 6 FCPATH\index.php(56): CodeIgniter\Boot::bootWeb(Object(Config\Paths))
 7 SYSTEMPATH\Commands\Server\rewrite.php(49): require_once('C:\\xamppnew\\htdocs\\ci4-stilsa\\public\\index.php')
WARNING - 2024-08-30 07:00:17 --> [DEPRECATED] Creation of dynamic property App\Controllers\Pengadaan::$ModelDetailPengadaan is deprecated in APPPATH\Controllers\Pengadaan.php on line 21.
 1 SYSTEMPATH\CodeIgniter.php(903): App\Controllers\Pengadaan->__construct()
 2 SYSTEMPATH\CodeIgniter.php(500): CodeIgniter\CodeIgniter->createController()
 3 SYSTEMPATH\CodeIgniter.php(355): CodeIgniter\CodeIgniter->handleRequest(null, Object(Config\Cache), false)
 4 SYSTEMPATH\Boot.php(325): CodeIgniter\CodeIgniter->run()
 5 SYSTEMPATH\Boot.php(67): CodeIgniter\Boot::runCodeIgniter(Object(CodeIgniter\CodeIgniter))
 6 FCPATH\index.php(56): CodeIgniter\Boot::bootWeb(Object(Config\Paths))
 7 SYSTEMPATH\Commands\Server\rewrite.php(49): require_once('C:\\xamppnew\\htdocs\\ci4-stilsa\\public\\index.php')
WARNING - 2024-08-30 07:00:17 --> [DEPRECATED] Creation of dynamic property App\Controllers\Pengadaan::$ModelDetailPermintaan is deprecated in APPPATH\Controllers\Pengadaan.php on line 22.
 1 SYSTEMPATH\CodeIgniter.php(903): App\Controllers\Pengadaan->__construct()
 2 SYSTEMPATH\CodeIgniter.php(500): CodeIgniter\CodeIgniter->createController()
 3 SYSTEMPATH\CodeIgniter.php(355): CodeIgniter\CodeIgniter->handleRequest(null, Object(Config\Cache), false)
 4 SYSTEMPATH\Boot.php(325): CodeIgniter\CodeIgniter->run()
 5 SYSTEMPATH\Boot.php(67): CodeIgniter\Boot::runCodeIgniter(Object(CodeIgniter\CodeIgniter))
 6 FCPATH\index.php(56): CodeIgniter\Boot::bootWeb(Object(Config\Paths))
 7 SYSTEMPATH\Commands\Server\rewrite.php(49): require_once('C:\\xamppnew\\htdocs\\ci4-stilsa\\public\\index.php')
WARNING - 2024-08-30 07:00:17 --> [DEPRECATED] Creation of dynamic property App\Controllers\Pengadaan::$ModelBarang is deprecated in APPPATH\Controllers\Pengadaan.php on line 23.
 1 SYSTEMPATH\CodeIgniter.php(903): App\Controllers\Pengadaan->__construct()
 2 SYSTEMPATH\CodeIgniter.php(500): CodeIgniter\CodeIgniter->createController()
 3 SYSTEMPATH\CodeIgniter.php(355): CodeIgniter\CodeIgniter->handleRequest(null, Object(Config\Cache), false)
 4 SYSTEMPATH\Boot.php(325): CodeIgniter\CodeIgniter->run()
 5 SYSTEMPATH\Boot.php(67): CodeIgniter\Boot::runCodeIgniter(Object(CodeIgniter\CodeIgniter))
 6 FCPATH\index.php(56): CodeIgniter\Boot::bootWeb(Object(Config\Paths))
 7 SYSTEMPATH\Commands\Server\rewrite.php(49): require_once('C:\\xamppnew\\htdocs\\ci4-stilsa\\public\\index.php')
INFO - 2024-08-30 07:00:17 --> Session: Class initialized using 'CodeIgniter\Session\Handlers\FileHandler' driver.
WARNING - 2024-08-30 07:00:22 --> [DEPRECATED] Creation of dynamic property App\Controllers\Login::$ModelUser is deprecated in APPPATH\Controllers\Login.php on line 12.
 1 SYSTEMPATH\CodeIgniter.php(903): App\Controllers\Login->__construct()
 2 SYSTEMPATH\CodeIgniter.php(500): CodeIgniter\CodeIgniter->createController()
 3 SYSTEMPATH\CodeIgniter.php(355): CodeIgniter\CodeIgniter->handleRequest(null, Object(Config\Cache), false)
 4 SYSTEMPATH\Boot.php(325): CodeIgniter\CodeIgniter->run()
 5 SYSTEMPATH\Boot.php(67): CodeIgniter\Boot::runCodeIgniter(Object(CodeIgniter\CodeIgniter))
 6 FCPATH\index.php(56): CodeIgniter\Boot::bootWeb(Object(Config\Paths))
 7 SYSTEMPATH\Commands\Server\rewrite.php(49): require_once('C:\\xamppnew\\htdocs\\ci4-stilsa\\public\\index.php')
INFO - 2024-08-30 07:00:22 --> Session: Class initialized using 'CodeIgniter\Session\Handlers\FileHandler' driver.
WARNING - 2024-08-30 07:00:22 --> [DEPRECATED] Creation of dynamic property App\Controllers\Login::$ModelUser is deprecated in APPPATH\Controllers\Login.php on line 12.
 1 SYSTEMPATH\CodeIgniter.php(903): App\Controllers\Login->__construct()
 2 SYSTEMPATH\CodeIgniter.php(500): CodeIgniter\CodeIgniter->createController()
 3 SYSTEMPATH\CodeIgniter.php(355): CodeIgniter\CodeIgniter->handleRequest(null, Object(Config\Cache), false)
 4 SYSTEMPATH\Boot.php(325): CodeIgniter\CodeIgniter->run()
 5 SYSTEMPATH\Boot.php(67): CodeIgniter\Boot::runCodeIgniter(Object(CodeIgniter\CodeIgniter))
 6 FCPATH\index.php(56): CodeIgniter\Boot::bootWeb(Object(Config\Paths))
 7 SYSTEMPATH\Commands\Server\rewrite.php(49): require_once('C:\\xamppnew\\htdocs\\ci4-stilsa\\public\\index.php')
INFO - 2024-08-30 07:00:22 --> Session: Class initialized using 'CodeIgniter\Session\Handlers\FileHandler' driver.
WARNING - 2024-08-30 07:00:31 --> [DEPRECATED] Creation of dynamic property App\Controllers\Login::$ModelUser is deprecated in APPPATH\Controllers\Login.php on line 12.
 1 SYSTEMPATH\CodeIgniter.php(903): App\Controllers\Login->__construct()
 2 SYSTEMPATH\CodeIgniter.php(500): CodeIgniter\CodeIgniter->createController()
 3 SYSTEMPATH\CodeIgniter.php(355): CodeIgniter\CodeIgniter->handleRequest(null, Object(Config\Cache), false)
 4 SYSTEMPATH\Boot.php(325): CodeIgniter\CodeIgniter->run()
 5 SYSTEMPATH\Boot.php(67): CodeIgniter\Boot::runCodeIgniter(Object(CodeIgniter\CodeIgniter))
 6 FCPATH\index.php(56): CodeIgniter\Boot::bootWeb(Object(Config\Paths))
 7 SYSTEMPATH\Commands\Server\rewrite.php(49): require_once('C:\\xamppnew\\htdocs\\ci4-stilsa\\public\\index.php')
INFO - 2024-08-30 07:00:31 --> Session: Class initialized using 'CodeIgniter\Session\Handlers\FileHandler' driver.
DEBUG - 2024-08-30 07:00:31 --> User found: {"id_user":"3","nama":"kepala pembelian","username":"pembelian","password":"$2y$10$4TNqF14Trhg4cTJSQXOY.OZeXC.qkD2irGzYFbE.W8kOpUk3W8Pa6","level":"kepalapembelian"}
INFO - 2024-08-30 07:00:31 --> Session: Class initialized using 'CodeIgniter\Session\Handlers\FileHandler' driver.
WARNING - 2024-08-30 07:00:34 --> [DEPRECATED] Creation of dynamic property App\Controllers\Barang::$ModelBarang is deprecated in APPPATH\Controllers\Barang.php on line 21.
 1 SYSTEMPATH\CodeIgniter.php(903): App\Controllers\Barang->__construct()
 2 SYSTEMPATH\CodeIgniter.php(500): CodeIgniter\CodeIgniter->createController()
 3 SYSTEMPATH\CodeIgniter.php(355): CodeIgniter\CodeIgniter->handleRequest(null, Object(Config\Cache), false)
 4 SYSTEMPATH\Boot.php(325): CodeIgniter\CodeIgniter->run()
 5 SYSTEMPATH\Boot.php(67): CodeIgniter\Boot::runCodeIgniter(Object(CodeIgniter\CodeIgniter))
 6 FCPATH\index.php(56): CodeIgniter\Boot::bootWeb(Object(Config\Paths))
 7 SYSTEMPATH\Commands\Server\rewrite.php(49): require_once('C:\\xamppnew\\htdocs\\ci4-stilsa\\public\\index.php')
WARNING - 2024-08-30 07:00:34 --> [DEPRECATED] Creation of dynamic property App\Controllers\Barang::$ModelDetailPenerimaan is deprecated in APPPATH\Controllers\Barang.php on line 22.
 1 SYSTEMPATH\CodeIgniter.php(903): App\Controllers\Barang->__construct()
 2 SYSTEMPATH\CodeIgniter.php(500): CodeIgniter\CodeIgniter->createController()
 3 SYSTEMPATH\CodeIgniter.php(355): CodeIgniter\CodeIgniter->handleRequest(null, Object(Config\Cache), false)
 4 SYSTEMPATH\Boot.php(325): CodeIgniter\CodeIgniter->run()
 5 SYSTEMPATH\Boot.php(67): CodeIgniter\Boot::runCodeIgniter(Object(CodeIgniter\CodeIgniter))
 6 FCPATH\index.php(56): CodeIgniter\Boot::bootWeb(Object(Config\Paths))
 7 SYSTEMPATH\Commands\Server\rewrite.php(49): require_once('C:\\xamppnew\\htdocs\\ci4-stilsa\\public\\index.php')
WARNING - 2024-08-30 07:00:34 --> [DEPRECATED] Creation of dynamic property App\Controllers\Barang::$ModelDetailPengeluaran is deprecated in APPPATH\Controllers\Barang.php on line 23.
 1 SYSTEMPATH\CodeIgniter.php(903): App\Controllers\Barang->__construct()
 2 SYSTEMPATH\CodeIgniter.php(500): CodeIgniter\CodeIgniter->createController()
 3 SYSTEMPATH\CodeIgniter.php(355): CodeIgniter\CodeIgniter->handleRequest(null, Object(Config\Cache), false)
 4 SYSTEMPATH\Boot.php(325): CodeIgniter\CodeIgniter->run()
 5 SYSTEMPATH\Boot.php(67): CodeIgniter\Boot::runCodeIgniter(Object(CodeIgniter\CodeIgniter))
 6 FCPATH\index.php(56): CodeIgniter\Boot::bootWeb(Object(Config\Paths))
 7 SYSTEMPATH\Commands\Server\rewrite.php(49): require_once('C:\\xamppnew\\htdocs\\ci4-stilsa\\public\\index.php')
WARNING - 2024-08-30 07:00:34 --> [DEPRECATED] Creation of dynamic property App\Controllers\Barang::$ModelDetailPenukaran is deprecated in APPPATH\Controllers\Barang.php on line 24.
 1 SYSTEMPATH\CodeIgniter.php(903): App\Controllers\Barang->__construct()
 2 SYSTEMPATH\CodeIgniter.php(500): CodeIgniter\CodeIgniter->createController()
 3 SYSTEMPATH\CodeIgniter.php(355): CodeIgniter\CodeIgniter->handleRequest(null, Object(Config\Cache), false)
 4 SYSTEMPATH\Boot.php(325): CodeIgniter\CodeIgniter->run()
 5 SYSTEMPATH\Boot.php(67): CodeIgniter\Boot::runCodeIgniter(Object(CodeIgniter\CodeIgniter))
 6 FCPATH\index.php(56): CodeIgniter\Boot::bootWeb(Object(Config\Paths))
 7 SYSTEMPATH\Commands\Server\rewrite.php(49): require_once('C:\\xamppnew\\htdocs\\ci4-stilsa\\public\\index.php')
INFO - 2024-08-30 07:00:34 --> Session: Class initialized using 'CodeIgniter\Session\Handlers\FileHandler' driver.
WARNING - 2024-08-30 07:00:38 --> [DEPRECATED] Creation of dynamic property App\Controllers\Pengadaan::$ModelPengadaan is deprecated in APPPATH\Controllers\Pengadaan.php on line 18.
 1 SYSTEMPATH\CodeIgniter.php(903): App\Controllers\Pengadaan->__construct()
 2 SYSTEMPATH\CodeIgniter.php(500): CodeIgniter\CodeIgniter->createController()
 3 SYSTEMPATH\CodeIgniter.php(355): CodeIgniter\CodeIgniter->handleRequest(null, Object(Config\Cache), false)
 4 SYSTEMPATH\Boot.php(325): CodeIgniter\CodeIgniter->run()
 5 SYSTEMPATH\Boot.php(67): CodeIgniter\Boot::runCodeIgniter(Object(CodeIgniter\CodeIgniter))
 6 FCPATH\index.php(56): CodeIgniter\Boot::bootWeb(Object(Config\Paths))
 7 SYSTEMPATH\Commands\Server\rewrite.php(49): require_once('C:\\xamppnew\\htdocs\\ci4-stilsa\\public\\index.php')
WARNING - 2024-08-30 07:00:38 --> [DEPRECATED] Creation of dynamic property App\Controllers\Pengadaan::$ModelPermintaan is deprecated in APPPATH\Controllers\Pengadaan.php on line 19.
 1 SYSTEMPATH\CodeIgniter.php(903): App\Controllers\Pengadaan->__construct()
 2 SYSTEMPATH\CodeIgniter.php(500): CodeIgniter\CodeIgniter->createController()
 3 SYSTEMPATH\CodeIgniter.php(355): CodeIgniter\CodeIgniter->handleRequest(null, Object(Config\Cache), false)
 4 SYSTEMPATH\Boot.php(325): CodeIgniter\CodeIgniter->run()
 5 SYSTEMPATH\Boot.php(67): CodeIgniter\Boot::runCodeIgniter(Object(CodeIgniter\CodeIgniter))
 6 FCPATH\index.php(56): CodeIgniter\Boot::bootWeb(Object(Config\Paths))
 7 SYSTEMPATH\Commands\Server\rewrite.php(49): require_once('C:\\xamppnew\\htdocs\\ci4-stilsa\\public\\index.php')
WARNING - 2024-08-30 07:00:38 --> [DEPRECATED] Creation of dynamic property App\Controllers\Pengadaan::$ModelPenerimaan is deprecated in APPPATH\Controllers\Pengadaan.php on line 20.
 1 SYSTEMPATH\CodeIgniter.php(903): App\Controllers\Pengadaan->__construct()
 2 SYSTEMPATH\CodeIgniter.php(500): CodeIgniter\CodeIgniter->createController()
 3 SYSTEMPATH\CodeIgniter.php(355): CodeIgniter\CodeIgniter->handleRequest(null, Object(Config\Cache), false)
 4 SYSTEMPATH\Boot.php(325): CodeIgniter\CodeIgniter->run()
 5 SYSTEMPATH\Boot.php(67): CodeIgniter\Boot::runCodeIgniter(Object(CodeIgniter\CodeIgniter))
 6 FCPATH\index.php(56): CodeIgniter\Boot::bootWeb(Object(Config\Paths))
 7 SYSTEMPATH\Commands\Server\rewrite.php(49): require_once('C:\\xamppnew\\htdocs\\ci4-stilsa\\public\\index.php')
WARNING - 2024-08-30 07:00:38 --> [DEPRECATED] Creation of dynamic property App\Controllers\Pengadaan::$ModelDetailPengadaan is deprecated in APPPATH\Controllers\Pengadaan.php on line 21.
 1 SYSTEMPATH\CodeIgniter.php(903): App\Controllers\Pengadaan->__construct()
 2 SYSTEMPATH\CodeIgniter.php(500): CodeIgniter\CodeIgniter->createController()
 3 SYSTEMPATH\CodeIgniter.php(355): CodeIgniter\CodeIgniter->handleRequest(null, Object(Config\Cache), false)
 4 SYSTEMPATH\Boot.php(325): CodeIgniter\CodeIgniter->run()
 5 SYSTEMPATH\Boot.php(67): CodeIgniter\Boot::runCodeIgniter(Object(CodeIgniter\CodeIgniter))
 6 FCPATH\index.php(56): CodeIgniter\Boot::bootWeb(Object(Config\Paths))
 7 SYSTEMPATH\Commands\Server\rewrite.php(49): require_once('C:\\xamppnew\\htdocs\\ci4-stilsa\\public\\index.php')
WARNING - 2024-08-30 07:00:38 --> [DEPRECATED] Creation of dynamic property App\Controllers\Pengadaan::$ModelDetailPermintaan is deprecated in APPPATH\Controllers\Pengadaan.php on line 22.
 1 SYSTEMPATH\CodeIgniter.php(903): App\Controllers\Pengadaan->__construct()
 2 SYSTEMPATH\CodeIgniter.php(500): CodeIgniter\CodeIgniter->createController()
 3 SYSTEMPATH\CodeIgniter.php(355): CodeIgniter\CodeIgniter->handleRequest(null, Object(Config\Cache), false)
 4 SYSTEMPATH\Boot.php(325): CodeIgniter\CodeIgniter->run()
 5 SYSTEMPATH\Boot.php(67): CodeIgniter\Boot::runCodeIgniter(Object(CodeIgniter\CodeIgniter))
 6 FCPATH\index.php(56): CodeIgniter\Boot::bootWeb(Object(Config\Paths))
 7 SYSTEMPATH\Commands\Server\rewrite.php(49): require_once('C:\\xamppnew\\htdocs\\ci4-stilsa\\public\\index.php')
WARNING - 2024-08-30 07:00:38 --> [DEPRECATED] Creation of dynamic property App\Controllers\Pengadaan::$ModelBarang is deprecated in APPPATH\Controllers\Pengadaan.php on line 23.
 1 SYSTEMPATH\CodeIgniter.php(903): App\Controllers\Pengadaan->__construct()
 2 SYSTEMPATH\CodeIgniter.php(500): CodeIgniter\CodeIgniter->createController()
 3 SYSTEMPATH\CodeIgniter.php(355): CodeIgniter\CodeIgniter->handleRequest(null, Object(Config\Cache), false)
 4 SYSTEMPATH\Boot.php(325): CodeIgniter\CodeIgniter->run()
 5 SYSTEMPATH\Boot.php(67): CodeIgniter\Boot::runCodeIgniter(Object(CodeIgniter\CodeIgniter))
 6 FCPATH\index.php(56): CodeIgniter\Boot::bootWeb(Object(Config\Paths))
 7 SYSTEMPATH\Commands\Server\rewrite.php(49): require_once('C:\\xamppnew\\htdocs\\ci4-stilsa\\public\\index.php')
INFO - 2024-08-30 07:00:38 --> Session: Class initialized using 'CodeIgniter\Session\Handlers\FileHandler' driver.
WARNING - 2024-08-30 07:00:44 --> [DEPRECATED] Creation of dynamic property App\Controllers\Pengadaan::$ModelPengadaan is deprecated in APPPATH\Controllers\Pengadaan.php on line 18.
 1 SYSTEMPATH\CodeIgniter.php(903): App\Controllers\Pengadaan->__construct()
 2 SYSTEMPATH\CodeIgniter.php(500): CodeIgniter\CodeIgniter->createController()
 3 SYSTEMPATH\CodeIgniter.php(355): CodeIgniter\CodeIgniter->handleRequest(null, Object(Config\Cache), false)
 4 SYSTEMPATH\Boot.php(325): CodeIgniter\CodeIgniter->run()
 5 SYSTEMPATH\Boot.php(67): CodeIgniter\Boot::runCodeIgniter(Object(CodeIgniter\CodeIgniter))
 6 FCPATH\index.php(56): CodeIgniter\Boot::bootWeb(Object(Config\Paths))
 7 SYSTEMPATH\Commands\Server\rewrite.php(49): require_once('C:\\xamppnew\\htdocs\\ci4-stilsa\\public\\index.php')
WARNING - 2024-08-30 07:00:44 --> [DEPRECATED] Creation of dynamic property App\Controllers\Pengadaan::$ModelPermintaan is deprecated in APPPATH\Controllers\Pengadaan.php on line 19.
 1 SYSTEMPATH\CodeIgniter.php(903): App\Controllers\Pengadaan->__construct()
 2 SYSTEMPATH\CodeIgniter.php(500): CodeIgniter\CodeIgniter->createController()
 3 SYSTEMPATH\CodeIgniter.php(355): CodeIgniter\CodeIgniter->handleRequest(null, Object(Config\Cache), false)
 4 SYSTEMPATH\Boot.php(325): CodeIgniter\CodeIgniter->run()
 5 SYSTEMPATH\Boot.php(67): CodeIgniter\Boot::runCodeIgniter(Object(CodeIgniter\CodeIgniter))
 6 FCPATH\index.php(56): CodeIgniter\Boot::bootWeb(Object(Config\Paths))
 7 SYSTEMPATH\Commands\Server\rewrite.php(49): require_once('C:\\xamppnew\\htdocs\\ci4-stilsa\\public\\index.php')
WARNING - 2024-08-30 07:00:44 --> [DEPRECATED] Creation of dynamic property App\Controllers\Pengadaan::$ModelPenerimaan is deprecated in APPPATH\Controllers\Pengadaan.php on line 20.
 1 SYSTEMPATH\CodeIgniter.php(903): App\Controllers\Pengadaan->__construct()
 2 SYSTEMPATH\CodeIgniter.php(500): CodeIgniter\CodeIgniter->createController()
 3 SYSTEMPATH\CodeIgniter.php(355): CodeIgniter\CodeIgniter->handleRequest(null, Object(Config\Cache), false)
 4 SYSTEMPATH\Boot.php(325): CodeIgniter\CodeIgniter->run()
 5 SYSTEMPATH\Boot.php(67): CodeIgniter\Boot::runCodeIgniter(Object(CodeIgniter\CodeIgniter))
 6 FCPATH\index.php(56): CodeIgniter\Boot::bootWeb(Object(Config\Paths))
 7 SYSTEMPATH\Commands\Server\rewrite.php(49): require_once('C:\\xamppnew\\htdocs\\ci4-stilsa\\public\\index.php')
WARNING - 2024-08-30 07:00:44 --> [DEPRECATED] Creation of dynamic property App\Controllers\Pengadaan::$ModelDetailPengadaan is deprecated in APPPATH\Controllers\Pengadaan.php on line 21.
 1 SYSTEMPATH\CodeIgniter.php(903): App\Controllers\Pengadaan->__construct()
 2 SYSTEMPATH\CodeIgniter.php(500): CodeIgniter\CodeIgniter->createController()
 3 SYSTEMPATH\CodeIgniter.php(355): CodeIgniter\CodeIgniter->handleRequest(null, Object(Config\Cache), false)
 4 SYSTEMPATH\Boot.php(325): CodeIgniter\CodeIgniter->run()
 5 SYSTEMPATH\Boot.php(67): CodeIgniter\Boot::runCodeIgniter(Object(CodeIgniter\CodeIgniter))
 6 FCPATH\index.php(56): CodeIgniter\Boot::bootWeb(Object(Config\Paths))
 7 SYSTEMPATH\Commands\Server\rewrite.php(49): require_once('C:\\xamppnew\\htdocs\\ci4-stilsa\\public\\index.php')
WARNING - 2024-08-30 07:00:44 --> [DEPRECATED] Creation of dynamic property App\Controllers\Pengadaan::$ModelDetailPermintaan is deprecated in APPPATH\Controllers\Pengadaan.php on line 22.
 1 SYSTEMPATH\CodeIgniter.php(903): App\Controllers\Pengadaan->__construct()
 2 SYSTEMPATH\CodeIgniter.php(500): CodeIgniter\CodeIgniter->createController()
 3 SYSTEMPATH\CodeIgniter.php(355): CodeIgniter\CodeIgniter->handleRequest(null, Object(Config\Cache), false)
 4 SYSTEMPATH\Boot.php(325): CodeIgniter\CodeIgniter->run()
 5 SYSTEMPATH\Boot.php(67): CodeIgniter\Boot::runCodeIgniter(Object(CodeIgniter\CodeIgniter))
 6 FCPATH\index.php(56): CodeIgniter\Boot::bootWeb(Object(Config\Paths))
 7 SYSTEMPATH\Commands\Server\rewrite.php(49): require_once('C:\\xamppnew\\htdocs\\ci4-stilsa\\public\\index.php')
WARNING - 2024-08-30 07:00:44 --> [DEPRECATED] Creation of dynamic property App\Controllers\Pengadaan::$ModelBarang is deprecated in APPPATH\Controllers\Pengadaan.php on line 23.
 1 SYSTEMPATH\CodeIgniter.php(903): App\Controllers\Pengadaan->__construct()
 2 SYSTEMPATH\CodeIgniter.php(500): CodeIgniter\CodeIgniter->createController()
 3 SYSTEMPATH\CodeIgniter.php(355): CodeIgniter\CodeIgniter->handleRequest(null, Object(Config\Cache), false)
 4 SYSTEMPATH\Boot.php(325): CodeIgniter\CodeIgniter->run()
 5 SYSTEMPATH\Boot.php(67): CodeIgniter\Boot::runCodeIgniter(Object(CodeIgniter\CodeIgniter))
 6 FCPATH\index.php(56): CodeIgniter\Boot::bootWeb(Object(Config\Paths))
 7 SYSTEMPATH\Commands\Server\rewrite.php(49): require_once('C:\\xamppnew\\htdocs\\ci4-stilsa\\public\\index.php')
INFO - 2024-08-30 07:00:44 --> Session: Class initialized using 'CodeIgniter\Session\Handlers\FileHandler' driver.
WARNING - 2024-08-30 07:03:38 --> [DEPRECATED] Creation of dynamic property App\Controllers\Pengadaan::$ModelPengadaan is deprecated in APPPATH\Controllers\Pengadaan.php on line 18.
 1 SYSTEMPATH\CodeIgniter.php(903): App\Controllers\Pengadaan->__construct()
 2 SYSTEMPATH\CodeIgniter.php(500): CodeIgniter\CodeIgniter->createController()
 3 SYSTEMPATH\CodeIgniter.php(355): CodeIgniter\CodeIgniter->handleRequest(null, Object(Config\Cache), false)
 4 SYSTEMPATH\Boot.php(325): CodeIgniter\CodeIgniter->run()
 5 SYSTEMPATH\Boot.php(67): CodeIgniter\Boot::runCodeIgniter(Object(CodeIgniter\CodeIgniter))
 6 FCPATH\index.php(56): CodeIgniter\Boot::bootWeb(Object(Config\Paths))
 7 SYSTEMPATH\Commands\Server\rewrite.php(49): require_once('C:\\xamppnew\\htdocs\\ci4-stilsa\\public\\index.php')
WARNING - 2024-08-30 07:03:38 --> [DEPRECATED] Creation of dynamic property App\Controllers\Pengadaan::$ModelPermintaan is deprecated in APPPATH\Controllers\Pengadaan.php on line 19.
 1 SYSTEMPATH\CodeIgniter.php(903): App\Controllers\Pengadaan->__construct()
 2 SYSTEMPATH\CodeIgniter.php(500): CodeIgniter\CodeIgniter->createController()
 3 SYSTEMPATH\CodeIgniter.php(355): CodeIgniter\CodeIgniter->handleRequest(null, Object(Config\Cache), false)
 4 SYSTEMPATH\Boot.php(325): CodeIgniter\CodeIgniter->run()
 5 SYSTEMPATH\Boot.php(67): CodeIgniter\Boot::runCodeIgniter(Object(CodeIgniter\CodeIgniter))
 6 FCPATH\index.php(56): CodeIgniter\Boot::bootWeb(Object(Config\Paths))
 7 SYSTEMPATH\Commands\Server\rewrite.php(49): require_once('C:\\xamppnew\\htdocs\\ci4-stilsa\\public\\index.php')
WARNING - 2024-08-30 07:03:38 --> [DEPRECATED] Creation of dynamic property App\Controllers\Pengadaan::$ModelPenerimaan is deprecated in APPPATH\Controllers\Pengadaan.php on line 20.
 1 SYSTEMPATH\CodeIgniter.php(903): App\Controllers\Pengadaan->__construct()
 2 SYSTEMPATH\CodeIgniter.php(500): CodeIgniter\CodeIgniter->createController()
 3 SYSTEMPATH\CodeIgniter.php(355): CodeIgniter\CodeIgniter->handleRequest(null, Object(Config\Cache), false)
 4 SYSTEMPATH\Boot.php(325): CodeIgniter\CodeIgniter->run()
 5 SYSTEMPATH\Boot.php(67): CodeIgniter\Boot::runCodeIgniter(Object(CodeIgniter\CodeIgniter))
 6 FCPATH\index.php(56): CodeIgniter\Boot::bootWeb(Object(Config\Paths))
 7 SYSTEMPATH\Commands\Server\rewrite.php(49): require_once('C:\\xamppnew\\htdocs\\ci4-stilsa\\public\\index.php')
WARNING - 2024-08-30 07:03:38 --> [DEPRECATED] Creation of dynamic property App\Controllers\Pengadaan::$ModelDetailPengadaan is deprecated in APPPATH\Controllers\Pengadaan.php on line 21.
 1 SYSTEMPATH\CodeIgniter.php(903): App\Controllers\Pengadaan->__construct()
 2 SYSTEMPATH\CodeIgniter.php(500): CodeIgniter\CodeIgniter->createController()
 3 SYSTEMPATH\CodeIgniter.php(355): CodeIgniter\CodeIgniter->handleRequest(null, Object(Config\Cache), false)
 4 SYSTEMPATH\Boot.php(325): CodeIgniter\CodeIgniter->run()
 5 SYSTEMPATH\Boot.php(67): CodeIgniter\Boot::runCodeIgniter(Object(CodeIgniter\CodeIgniter))
 6 FCPATH\index.php(56): CodeIgniter\Boot::bootWeb(Object(Config\Paths))
 7 SYSTEMPATH\Commands\Server\rewrite.php(49): require_once('C:\\xamppnew\\htdocs\\ci4-stilsa\\public\\index.php')
WARNING - 2024-08-30 07:03:38 --> [DEPRECATED] Creation of dynamic property App\Controllers\Pengadaan::$ModelDetailPermintaan is deprecated in APPPATH\Controllers\Pengadaan.php on line 22.
 1 SYSTEMPATH\CodeIgniter.php(903): App\Controllers\Pengadaan->__construct()
 2 SYSTEMPATH\CodeIgniter.php(500): CodeIgniter\CodeIgniter->createController()
 3 SYSTEMPATH\CodeIgniter.php(355): CodeIgniter\CodeIgniter->handleRequest(null, Object(Config\Cache), false)
 4 SYSTEMPATH\Boot.php(325): CodeIgniter\CodeIgniter->run()
 5 SYSTEMPATH\Boot.php(67): CodeIgniter\Boot::runCodeIgniter(Object(CodeIgniter\CodeIgniter))
 6 FCPATH\index.php(56): CodeIgniter\Boot::bootWeb(Object(Config\Paths))
 7 SYSTEMPATH\Commands\Server\rewrite.php(49): require_once('C:\\xamppnew\\htdocs\\ci4-stilsa\\public\\index.php')
WARNING - 2024-08-30 07:03:38 --> [DEPRECATED] Creation of dynamic property App\Controllers\Pengadaan::$ModelBarang is deprecated in APPPATH\Controllers\Pengadaan.php on line 23.
 1 SYSTEMPATH\CodeIgniter.php(903): App\Controllers\Pengadaan->__construct()
 2 SYSTEMPATH\CodeIgniter.php(500): CodeIgniter\CodeIgniter->createController()
 3 SYSTEMPATH\CodeIgniter.php(355): CodeIgniter\CodeIgniter->handleRequest(null, Object(Config\Cache), false)
 4 SYSTEMPATH\Boot.php(325): CodeIgniter\CodeIgniter->run()
 5 SYSTEMPATH\Boot.php(67): CodeIgniter\Boot::runCodeIgniter(Object(CodeIgniter\CodeIgniter))
 6 FCPATH\index.php(56): CodeIgniter\Boot::bootWeb(Object(Config\Paths))
 7 SYSTEMPATH\Commands\Server\rewrite.php(49): require_once('C:\\xamppnew\\htdocs\\ci4-stilsa\\public\\index.php')
CRITICAL - 2024-08-30 07:03:38 --> ErrorException: Undefined array key "alamat_supplier"
[Method: GET, Route: pengadaan/edit/PO-20240827-003]
in APPPATH\Views\pengadaan\edit.php on line 41.
 1 APPPATH\Views\pengadaan\edit.php(41): CodeIgniter\Debug\Exceptions->errorHandler()
 2 SYSTEMPATH\View\View.php(234): include('C:\\xamppnew\\htdocs\\ci4-stilsa\\app\\Views\\pengadaan\\edit.php')
 3 SYSTEMPATH\View\View.php(237): CodeIgniter\View\View->CodeIgniter\View\{closure}()
 4 SYSTEMPATH\Common.php(1171): CodeIgniter\View\View->render()
 5 APPPATH\Controllers\Pengadaan.php(179): view()
 6 SYSTEMPATH\CodeIgniter.php(933): App\Controllers\Pengadaan->edit()
 7 SYSTEMPATH\CodeIgniter.php(509): CodeIgniter\CodeIgniter->runController()
 8 SYSTEMPATH\CodeIgniter.php(355): CodeIgniter\CodeIgniter->handleRequest()
 9 SYSTEMPATH\Boot.php(325): CodeIgniter\CodeIgniter->run()
10 SYSTEMPATH\Boot.php(67): CodeIgniter\Boot::runCodeIgniter()
11 FCPATH\index.php(56): CodeIgniter\Boot::bootWeb()
12 SYSTEMPATH\Commands\Server\rewrite.php(49): require_once('C:\\xamppnew\\htdocs\\ci4-stilsa\\public\\index.php')
WARNING - 2024-08-30 07:04:36 --> [DEPRECATED] Creation of dynamic property App\Controllers\Pengadaan::$ModelPengadaan is deprecated in APPPATH\Controllers\Pengadaan.php on line 18.
 1 SYSTEMPATH\CodeIgniter.php(903): App\Controllers\Pengadaan->__construct()
 2 SYSTEMPATH\CodeIgniter.php(500): CodeIgniter\CodeIgniter->createController()
 3 SYSTEMPATH\CodeIgniter.php(355): CodeIgniter\CodeIgniter->handleRequest(null, Object(Config\Cache), false)
 4 SYSTEMPATH\Boot.php(325): CodeIgniter\CodeIgniter->run()
 5 SYSTEMPATH\Boot.php(67): CodeIgniter\Boot::runCodeIgniter(Object(CodeIgniter\CodeIgniter))
 6 FCPATH\index.php(56): CodeIgniter\Boot::bootWeb(Object(Config\Paths))
 7 SYSTEMPATH\Commands\Server\rewrite.php(49): require_once('C:\\xamppnew\\htdocs\\ci4-stilsa\\public\\index.php')
WARNING - 2024-08-30 07:04:36 --> [DEPRECATED] Creation of dynamic property App\Controllers\Pengadaan::$ModelPermintaan is deprecated in APPPATH\Controllers\Pengadaan.php on line 19.
 1 SYSTEMPATH\CodeIgniter.php(903): App\Controllers\Pengadaan->__construct()
 2 SYSTEMPATH\CodeIgniter.php(500): CodeIgniter\CodeIgniter->createController()
 3 SYSTEMPATH\CodeIgniter.php(355): CodeIgniter\CodeIgniter->handleRequest(null, Object(Config\Cache), false)
 4 SYSTEMPATH\Boot.php(325): CodeIgniter\CodeIgniter->run()
 5 SYSTEMPATH\Boot.php(67): CodeIgniter\Boot::runCodeIgniter(Object(CodeIgniter\CodeIgniter))
 6 FCPATH\index.php(56): CodeIgniter\Boot::bootWeb(Object(Config\Paths))
 7 SYSTEMPATH\Commands\Server\rewrite.php(49): require_once('C:\\xamppnew\\htdocs\\ci4-stilsa\\public\\index.php')
WARNING - 2024-08-30 07:04:36 --> [DEPRECATED] Creation of dynamic property App\Controllers\Pengadaan::$ModelPenerimaan is deprecated in APPPATH\Controllers\Pengadaan.php on line 20.
 1 SYSTEMPATH\CodeIgniter.php(903): App\Controllers\Pengadaan->__construct()
 2 SYSTEMPATH\CodeIgniter.php(500): CodeIgniter\CodeIgniter->createController()
 3 SYSTEMPATH\CodeIgniter.php(355): CodeIgniter\CodeIgniter->handleRequest(null, Object(Config\Cache), false)
 4 SYSTEMPATH\Boot.php(325): CodeIgniter\CodeIgniter->run()
 5 SYSTEMPATH\Boot.php(67): CodeIgniter\Boot::runCodeIgniter(Object(CodeIgniter\CodeIgniter))
 6 FCPATH\index.php(56): CodeIgniter\Boot::bootWeb(Object(Config\Paths))
 7 SYSTEMPATH\Commands\Server\rewrite.php(49): require_once('C:\\xamppnew\\htdocs\\ci4-stilsa\\public\\index.php')
WARNING - 2024-08-30 07:04:36 --> [DEPRECATED] Creation of dynamic property App\Controllers\Pengadaan::$ModelDetailPengadaan is deprecated in APPPATH\Controllers\Pengadaan.php on line 21.
 1 SYSTEMPATH\CodeIgniter.php(903): App\Controllers\Pengadaan->__construct()
 2 SYSTEMPATH\CodeIgniter.php(500): CodeIgniter\CodeIgniter->createController()
 3 SYSTEMPATH\CodeIgniter.php(355): CodeIgniter\CodeIgniter->handleRequest(null, Object(Config\Cache), false)
 4 SYSTEMPATH\Boot.php(325): CodeIgniter\CodeIgniter->run()
 5 SYSTEMPATH\Boot.php(67): CodeIgniter\Boot::runCodeIgniter(Object(CodeIgniter\CodeIgniter))
 6 FCPATH\index.php(56): CodeIgniter\Boot::bootWeb(Object(Config\Paths))
 7 SYSTEMPATH\Commands\Server\rewrite.php(49): require_once('C:\\xamppnew\\htdocs\\ci4-stilsa\\public\\index.php')
WARNING - 2024-08-30 07:04:36 --> [DEPRECATED] Creation of dynamic property App\Controllers\Pengadaan::$ModelDetailPermintaan is deprecated in APPPATH\Controllers\Pengadaan.php on line 22.
 1 SYSTEMPATH\CodeIgniter.php(903): App\Controllers\Pengadaan->__construct()
 2 SYSTEMPATH\CodeIgniter.php(500): CodeIgniter\CodeIgniter->createController()
 3 SYSTEMPATH\CodeIgniter.php(355): CodeIgniter\CodeIgniter->handleRequest(null, Object(Config\Cache), false)
 4 SYSTEMPATH\Boot.php(325): CodeIgniter\CodeIgniter->run()
 5 SYSTEMPATH\Boot.php(67): CodeIgniter\Boot::runCodeIgniter(Object(CodeIgniter\CodeIgniter))
 6 FCPATH\index.php(56): CodeIgniter\Boot::bootWeb(Object(Config\Paths))
 7 SYSTEMPATH\Commands\Server\rewrite.php(49): require_once('C:\\xamppnew\\htdocs\\ci4-stilsa\\public\\index.php')
WARNING - 2024-08-30 07:04:36 --> [DEPRECATED] Creation of dynamic property App\Controllers\Pengadaan::$ModelBarang is deprecated in APPPATH\Controllers\Pengadaan.php on line 23.
 1 SYSTEMPATH\CodeIgniter.php(903): App\Controllers\Pengadaan->__construct()
 2 SYSTEMPATH\CodeIgniter.php(500): CodeIgniter\CodeIgniter->createController()
 3 SYSTEMPATH\CodeIgniter.php(355): CodeIgniter\CodeIgniter->handleRequest(null, Object(Config\Cache), false)
 4 SYSTEMPATH\Boot.php(325): CodeIgniter\CodeIgniter->run()
 5 SYSTEMPATH\Boot.php(67): CodeIgniter\Boot::runCodeIgniter(Object(CodeIgniter\CodeIgniter))
 6 FCPATH\index.php(56): CodeIgniter\Boot::bootWeb(Object(Config\Paths))
 7 SYSTEMPATH\Commands\Server\rewrite.php(49): require_once('C:\\xamppnew\\htdocs\\ci4-stilsa\\public\\index.php')
CRITICAL - 2024-08-30 07:04:36 --> ErrorException: Undefined array key "alamat_supplier"
[Method: GET, Route: pengadaan/edit/PO-20240827-003]
in APPPATH\Views\pengadaan\edit.php on line 41.
 1 APPPATH\Views\pengadaan\edit.php(41): CodeIgniter\Debug\Exceptions->errorHandler()
 2 SYSTEMPATH\View\View.php(234): include('C:\\xamppnew\\htdocs\\ci4-stilsa\\app\\Views\\pengadaan\\edit.php')
 3 SYSTEMPATH\View\View.php(237): CodeIgniter\View\View->CodeIgniter\View\{closure}()
 4 SYSTEMPATH\Common.php(1171): CodeIgniter\View\View->render()
 5 APPPATH\Controllers\Pengadaan.php(179): view()
 6 SYSTEMPATH\CodeIgniter.php(933): App\Controllers\Pengadaan->edit()
 7 SYSTEMPATH\CodeIgniter.php(509): CodeIgniter\CodeIgniter->runController()
 8 SYSTEMPATH\CodeIgniter.php(355): CodeIgniter\CodeIgniter->handleRequest()
 9 SYSTEMPATH\Boot.php(325): CodeIgniter\CodeIgniter->run()
10 SYSTEMPATH\Boot.php(67): CodeIgniter\Boot::runCodeIgniter()
11 FCPATH\index.php(56): CodeIgniter\Boot::bootWeb()
12 SYSTEMPATH\Commands\Server\rewrite.php(49): require_once('C:\\xamppnew\\htdocs\\ci4-stilsa\\public\\index.php')
WARNING - 2024-08-30 07:05:06 --> [DEPRECATED] Creation of dynamic property App\Controllers\Pengadaan::$ModelPengadaan is deprecated in APPPATH\Controllers\Pengadaan.php on line 18.
 1 SYSTEMPATH\CodeIgniter.php(903): App\Controllers\Pengadaan->__construct()
 2 SYSTEMPATH\CodeIgniter.php(500): CodeIgniter\CodeIgniter->createController()
 3 SYSTEMPATH\CodeIgniter.php(355): CodeIgniter\CodeIgniter->handleRequest(null, Object(Config\Cache), false)
 4 SYSTEMPATH\Boot.php(325): CodeIgniter\CodeIgniter->run()
 5 SYSTEMPATH\Boot.php(67): CodeIgniter\Boot::runCodeIgniter(Object(CodeIgniter\CodeIgniter))
 6 FCPATH\index.php(56): CodeIgniter\Boot::bootWeb(Object(Config\Paths))
 7 SYSTEMPATH\Commands\Server\rewrite.php(49): require_once('C:\\xamppnew\\htdocs\\ci4-stilsa\\public\\index.php')
WARNING - 2024-08-30 07:05:06 --> [DEPRECATED] Creation of dynamic property App\Controllers\Pengadaan::$ModelPermintaan is deprecated in APPPATH\Controllers\Pengadaan.php on line 19.
 1 SYSTEMPATH\CodeIgniter.php(903): App\Controllers\Pengadaan->__construct()
 2 SYSTEMPATH\CodeIgniter.php(500): CodeIgniter\CodeIgniter->createController()
 3 SYSTEMPATH\CodeIgniter.php(355): CodeIgniter\CodeIgniter->handleRequest(null, Object(Config\Cache), false)
 4 SYSTEMPATH\Boot.php(325): CodeIgniter\CodeIgniter->run()
 5 SYSTEMPATH\Boot.php(67): CodeIgniter\Boot::runCodeIgniter(Object(CodeIgniter\CodeIgniter))
 6 FCPATH\index.php(56): CodeIgniter\Boot::bootWeb(Object(Config\Paths))
 7 SYSTEMPATH\Commands\Server\rewrite.php(49): require_once('C:\\xamppnew\\htdocs\\ci4-stilsa\\public\\index.php')
WARNING - 2024-08-30 07:05:06 --> [DEPRECATED] Creation of dynamic property App\Controllers\Pengadaan::$ModelPenerimaan is deprecated in APPPATH\Controllers\Pengadaan.php on line 20.
 1 SYSTEMPATH\CodeIgniter.php(903): App\Controllers\Pengadaan->__construct()
 2 SYSTEMPATH\CodeIgniter.php(500): CodeIgniter\CodeIgniter->createController()
 3 SYSTEMPATH\CodeIgniter.php(355): CodeIgniter\CodeIgniter->handleRequest(null, Object(Config\Cache), false)
 4 SYSTEMPATH\Boot.php(325): CodeIgniter\CodeIgniter->run()
 5 SYSTEMPATH\Boot.php(67): CodeIgniter\Boot::runCodeIgniter(Object(CodeIgniter\CodeIgniter))
 6 FCPATH\index.php(56): CodeIgniter\Boot::bootWeb(Object(Config\Paths))
 7 SYSTEMPATH\Commands\Server\rewrite.php(49): require_once('C:\\xamppnew\\htdocs\\ci4-stilsa\\public\\index.php')
WARNING - 2024-08-30 07:05:06 --> [DEPRECATED] Creation of dynamic property App\Controllers\Pengadaan::$ModelDetailPengadaan is deprecated in APPPATH\Controllers\Pengadaan.php on line 21.
 1 SYSTEMPATH\CodeIgniter.php(903): App\Controllers\Pengadaan->__construct()
 2 SYSTEMPATH\CodeIgniter.php(500): CodeIgniter\CodeIgniter->createController()
 3 SYSTEMPATH\CodeIgniter.php(355): CodeIgniter\CodeIgniter->handleRequest(null, Object(Config\Cache), false)
 4 SYSTEMPATH\Boot.php(325): CodeIgniter\CodeIgniter->run()
 5 SYSTEMPATH\Boot.php(67): CodeIgniter\Boot::runCodeIgniter(Object(CodeIgniter\CodeIgniter))
 6 FCPATH\index.php(56): CodeIgniter\Boot::bootWeb(Object(Config\Paths))
 7 SYSTEMPATH\Commands\Server\rewrite.php(49): require_once('C:\\xamppnew\\htdocs\\ci4-stilsa\\public\\index.php')
WARNING - 2024-08-30 07:05:06 --> [DEPRECATED] Creation of dynamic property App\Controllers\Pengadaan::$ModelDetailPermintaan is deprecated in APPPATH\Controllers\Pengadaan.php on line 22.
 1 SYSTEMPATH\CodeIgniter.php(903): App\Controllers\Pengadaan->__construct()
 2 SYSTEMPATH\CodeIgniter.php(500): CodeIgniter\CodeIgniter->createController()
 3 SYSTEMPATH\CodeIgniter.php(355): CodeIgniter\CodeIgniter->handleRequest(null, Object(Config\Cache), false)
 4 SYSTEMPATH\Boot.php(325): CodeIgniter\CodeIgniter->run()
 5 SYSTEMPATH\Boot.php(67): CodeIgniter\Boot::runCodeIgniter(Object(CodeIgniter\CodeIgniter))
 6 FCPATH\index.php(56): CodeIgniter\Boot::bootWeb(Object(Config\Paths))
 7 SYSTEMPATH\Commands\Server\rewrite.php(49): require_once('C:\\xamppnew\\htdocs\\ci4-stilsa\\public\\index.php')
WARNING - 2024-08-30 07:05:06 --> [DEPRECATED] Creation of dynamic property App\Controllers\Pengadaan::$ModelBarang is deprecated in APPPATH\Controllers\Pengadaan.php on line 23.
 1 SYSTEMPATH\CodeIgniter.php(903): App\Controllers\Pengadaan->__construct()
 2 SYSTEMPATH\CodeIgniter.php(500): CodeIgniter\CodeIgniter->createController()
 3 SYSTEMPATH\CodeIgniter.php(355): CodeIgniter\CodeIgniter->handleRequest(null, Object(Config\Cache), false)
 4 SYSTEMPATH\Boot.php(325): CodeIgniter\CodeIgniter->run()
 5 SYSTEMPATH\Boot.php(67): CodeIgniter\Boot::runCodeIgniter(Object(CodeIgniter\CodeIgniter))
 6 FCPATH\index.php(56): CodeIgniter\Boot::bootWeb(Object(Config\Paths))
 7 SYSTEMPATH\Commands\Server\rewrite.php(49): require_once('C:\\xamppnew\\htdocs\\ci4-stilsa\\public\\index.php')
INFO - 2024-08-30 07:05:06 --> Session: Class initialized using 'CodeIgniter\Session\Handlers\FileHandler' driver.
WARNING - 2024-08-30 07:07:24 --> [DEPRECATED] Creation of dynamic property App\Controllers\Login::$ModelUser is deprecated in APPPATH\Controllers\Login.php on line 12.
 1 SYSTEMPATH\CodeIgniter.php(903): App\Controllers\Login->__construct()
 2 SYSTEMPATH\CodeIgniter.php(500): CodeIgniter\CodeIgniter->createController()
 3 SYSTEMPATH\CodeIgniter.php(355): CodeIgniter\CodeIgniter->handleRequest(null, Object(Config\Cache), false)
 4 SYSTEMPATH\Boot.php(325): CodeIgniter\CodeIgniter->run()
 5 SYSTEMPATH\Boot.php(67): CodeIgniter\Boot::runCodeIgniter(Object(CodeIgniter\CodeIgniter))
 6 FCPATH\index.php(56): CodeIgniter\Boot::bootWeb(Object(Config\Paths))
 7 SYSTEMPATH\Commands\Server\rewrite.php(49): require_once('C:\\xamppnew\\htdocs\\ci4-stilsa\\public\\index.php')
INFO - 2024-08-30 07:07:24 --> Session: Class initialized using 'CodeIgniter\Session\Handlers\FileHandler' driver.
WARNING - 2024-08-30 07:07:37 --> [DEPRECATED] Creation of dynamic property App\Controllers\Login::$ModelUser is deprecated in APPPATH\Controllers\Login.php on line 12.
 1 SYSTEMPATH\CodeIgniter.php(903): App\Controllers\Login->__construct()
 2 SYSTEMPATH\CodeIgniter.php(500): CodeIgniter\CodeIgniter->createController()
 3 SYSTEMPATH\CodeIgniter.php(355): CodeIgniter\CodeIgniter->handleRequest(null, Object(Config\Cache), false)
 4 SYSTEMPATH\Boot.php(325): CodeIgniter\CodeIgniter->run()
 5 SYSTEMPATH\Boot.php(67): CodeIgniter\Boot::runCodeIgniter(Object(CodeIgniter\CodeIgniter))
 6 FCPATH\index.php(56): CodeIgniter\Boot::bootWeb(Object(Config\Paths))
 7 SYSTEMPATH\Commands\Server\rewrite.php(49): require_once('C:\\xamppnew\\htdocs\\ci4-stilsa\\public\\index.php')
INFO - 2024-08-30 07:07:37 --> Session: Class initialized using 'CodeIgniter\Session\Handlers\FileHandler' driver.
DEBUG - 2024-08-30 07:07:37 --> User found: {"id_user":"3","nama":"kepala pembelian","username":"pembelian","password":"$2y$10$4TNqF14Trhg4cTJSQXOY.OZeXC.qkD2irGzYFbE.W8kOpUk3W8Pa6","level":"kepalapembelian"}
INFO - 2024-08-30 07:07:37 --> Session: Class initialized using 'CodeIgniter\Session\Handlers\FileHandler' driver.
WARNING - 2024-08-30 07:07:43 --> [DEPRECATED] Creation of dynamic property App\Controllers\Barang::$ModelBarang is deprecated in APPPATH\Controllers\Barang.php on line 21.
 1 SYSTEMPATH\CodeIgniter.php(903): App\Controllers\Barang->__construct()
 2 SYSTEMPATH\CodeIgniter.php(500): CodeIgniter\CodeIgniter->createController()
 3 SYSTEMPATH\CodeIgniter.php(355): CodeIgniter\CodeIgniter->handleRequest(null, Object(Config\Cache), false)
 4 SYSTEMPATH\Boot.php(325): CodeIgniter\CodeIgniter->run()
 5 SYSTEMPATH\Boot.php(67): CodeIgniter\Boot::runCodeIgniter(Object(CodeIgniter\CodeIgniter))
 6 FCPATH\index.php(56): CodeIgniter\Boot::bootWeb(Object(Config\Paths))
 7 SYSTEMPATH\Commands\Server\rewrite.php(49): require_once('C:\\xamppnew\\htdocs\\ci4-stilsa\\public\\index.php')
WARNING - 2024-08-30 07:07:43 --> [DEPRECATED] Creation of dynamic property App\Controllers\Barang::$ModelDetailPenerimaan is deprecated in APPPATH\Controllers\Barang.php on line 22.
 1 SYSTEMPATH\CodeIgniter.php(903): App\Controllers\Barang->__construct()
 2 SYSTEMPATH\CodeIgniter.php(500): CodeIgniter\CodeIgniter->createController()
 3 SYSTEMPATH\CodeIgniter.php(355): CodeIgniter\CodeIgniter->handleRequest(null, Object(Config\Cache), false)
 4 SYSTEMPATH\Boot.php(325): CodeIgniter\CodeIgniter->run()
 5 SYSTEMPATH\Boot.php(67): CodeIgniter\Boot::runCodeIgniter(Object(CodeIgniter\CodeIgniter))
 6 FCPATH\index.php(56): CodeIgniter\Boot::bootWeb(Object(Config\Paths))
 7 SYSTEMPATH\Commands\Server\rewrite.php(49): require_once('C:\\xamppnew\\htdocs\\ci4-stilsa\\public\\index.php')
WARNING - 2024-08-30 07:07:43 --> [DEPRECATED] Creation of dynamic property App\Controllers\Barang::$ModelDetailPengeluaran is deprecated in APPPATH\Controllers\Barang.php on line 23.
 1 SYSTEMPATH\CodeIgniter.php(903): App\Controllers\Barang->__construct()
 2 SYSTEMPATH\CodeIgniter.php(500): CodeIgniter\CodeIgniter->createController()
 3 SYSTEMPATH\CodeIgniter.php(355): CodeIgniter\CodeIgniter->handleRequest(null, Object(Config\Cache), false)
 4 SYSTEMPATH\Boot.php(325): CodeIgniter\CodeIgniter->run()
 5 SYSTEMPATH\Boot.php(67): CodeIgniter\Boot::runCodeIgniter(Object(CodeIgniter\CodeIgniter))
 6 FCPATH\index.php(56): CodeIgniter\Boot::bootWeb(Object(Config\Paths))
 7 SYSTEMPATH\Commands\Server\rewrite.php(49): require_once('C:\\xamppnew\\htdocs\\ci4-stilsa\\public\\index.php')
WARNING - 2024-08-30 07:07:43 --> [DEPRECATED] Creation of dynamic property App\Controllers\Barang::$ModelDetailPenukaran is deprecated in APPPATH\Controllers\Barang.php on line 24.
 1 SYSTEMPATH\CodeIgniter.php(903): App\Controllers\Barang->__construct()
 2 SYSTEMPATH\CodeIgniter.php(500): CodeIgniter\CodeIgniter->createController()
 3 SYSTEMPATH\CodeIgniter.php(355): CodeIgniter\CodeIgniter->handleRequest(null, Object(Config\Cache), false)
 4 SYSTEMPATH\Boot.php(325): CodeIgniter\CodeIgniter->run()
 5 SYSTEMPATH\Boot.php(67): CodeIgniter\Boot::runCodeIgniter(Object(CodeIgniter\CodeIgniter))
 6 FCPATH\index.php(56): CodeIgniter\Boot::bootWeb(Object(Config\Paths))
 7 SYSTEMPATH\Commands\Server\rewrite.php(49): require_once('C:\\xamppnew\\htdocs\\ci4-stilsa\\public\\index.php')
INFO - 2024-08-30 07:07:43 --> Session: Class initialized using 'CodeIgniter\Session\Handlers\FileHandler' driver.
WARNING - 2024-08-30 07:08:02 --> [DEPRECATED] Creation of dynamic property App\Controllers\Pengadaan::$ModelPengadaan is deprecated in APPPATH\Controllers\Pengadaan.php on line 18.
 1 SYSTEMPATH\CodeIgniter.php(903): App\Controllers\Pengadaan->__construct()
 2 SYSTEMPATH\CodeIgniter.php(500): CodeIgniter\CodeIgniter->createController()
 3 SYSTEMPATH\CodeIgniter.php(355): CodeIgniter\CodeIgniter->handleRequest(null, Object(Config\Cache), false)
 4 SYSTEMPATH\Boot.php(325): CodeIgniter\CodeIgniter->run()
 5 SYSTEMPATH\Boot.php(67): CodeIgniter\Boot::runCodeIgniter(Object(CodeIgniter\CodeIgniter))
 6 FCPATH\index.php(56): CodeIgniter\Boot::bootWeb(Object(Config\Paths))
 7 SYSTEMPATH\Commands\Server\rewrite.php(49): require_once('C:\\xamppnew\\htdocs\\ci4-stilsa\\public\\index.php')
WARNING - 2024-08-30 07:08:02 --> [DEPRECATED] Creation of dynamic property App\Controllers\Pengadaan::$ModelPermintaan is deprecated in APPPATH\Controllers\Pengadaan.php on line 19.
 1 SYSTEMPATH\CodeIgniter.php(903): App\Controllers\Pengadaan->__construct()
 2 SYSTEMPATH\CodeIgniter.php(500): CodeIgniter\CodeIgniter->createController()
 3 SYSTEMPATH\CodeIgniter.php(355): CodeIgniter\CodeIgniter->handleRequest(null, Object(Config\Cache), false)
 4 SYSTEMPATH\Boot.php(325): CodeIgniter\CodeIgniter->run()
 5 SYSTEMPATH\Boot.php(67): CodeIgniter\Boot::runCodeIgniter(Object(CodeIgniter\CodeIgniter))
 6 FCPATH\index.php(56): CodeIgniter\Boot::bootWeb(Object(Config\Paths))
 7 SYSTEMPATH\Commands\Server\rewrite.php(49): require_once('C:\\xamppnew\\htdocs\\ci4-stilsa\\public\\index.php')
WARNING - 2024-08-30 07:08:02 --> [DEPRECATED] Creation of dynamic property App\Controllers\Pengadaan::$ModelPenerimaan is deprecated in APPPATH\Controllers\Pengadaan.php on line 20.
 1 SYSTEMPATH\CodeIgniter.php(903): App\Controllers\Pengadaan->__construct()
 2 SYSTEMPATH\CodeIgniter.php(500): CodeIgniter\CodeIgniter->createController()
 3 SYSTEMPATH\CodeIgniter.php(355): CodeIgniter\CodeIgniter->handleRequest(null, Object(Config\Cache), false)
 4 SYSTEMPATH\Boot.php(325): CodeIgniter\CodeIgniter->run()
 5 SYSTEMPATH\Boot.php(67): CodeIgniter\Boot::runCodeIgniter(Object(CodeIgniter\CodeIgniter))
 6 FCPATH\index.php(56): CodeIgniter\Boot::bootWeb(Object(Config\Paths))
 7 SYSTEMPATH\Commands\Server\rewrite.php(49): require_once('C:\\xamppnew\\htdocs\\ci4-stilsa\\public\\index.php')
WARNING - 2024-08-30 07:08:02 --> [DEPRECATED] Creation of dynamic property App\Controllers\Pengadaan::$ModelDetailPengadaan is deprecated in APPPATH\Controllers\Pengadaan.php on line 21.
 1 SYSTEMPATH\CodeIgniter.php(903): App\Controllers\Pengadaan->__construct()
 2 SYSTEMPATH\CodeIgniter.php(500): CodeIgniter\CodeIgniter->createController()
 3 SYSTEMPATH\CodeIgniter.php(355): CodeIgniter\CodeIgniter->handleRequest(null, Object(Config\Cache), false)
 4 SYSTEMPATH\Boot.php(325): CodeIgniter\CodeIgniter->run()
 5 SYSTEMPATH\Boot.php(67): CodeIgniter\Boot::runCodeIgniter(Object(CodeIgniter\CodeIgniter))
 6 FCPATH\index.php(56): CodeIgniter\Boot::bootWeb(Object(Config\Paths))
 7 SYSTEMPATH\Commands\Server\rewrite.php(49): require_once('C:\\xamppnew\\htdocs\\ci4-stilsa\\public\\index.php')
WARNING - 2024-08-30 07:08:02 --> [DEPRECATED] Creation of dynamic property App\Controllers\Pengadaan::$ModelDetailPermintaan is deprecated in APPPATH\Controllers\Pengadaan.php on line 22.
 1 SYSTEMPATH\CodeIgniter.php(903): App\Controllers\Pengadaan->__construct()
 2 SYSTEMPATH\CodeIgniter.php(500): CodeIgniter\CodeIgniter->createController()
 3 SYSTEMPATH\CodeIgniter.php(355): CodeIgniter\CodeIgniter->handleRequest(null, Object(Config\Cache), false)
 4 SYSTEMPATH\Boot.php(325): CodeIgniter\CodeIgniter->run()
 5 SYSTEMPATH\Boot.php(67): CodeIgniter\Boot::runCodeIgniter(Object(CodeIgniter\CodeIgniter))
 6 FCPATH\index.php(56): CodeIgniter\Boot::bootWeb(Object(Config\Paths))
 7 SYSTEMPATH\Commands\Server\rewrite.php(49): require_once('C:\\xamppnew\\htdocs\\ci4-stilsa\\public\\index.php')
WARNING - 2024-08-30 07:08:02 --> [DEPRECATED] Creation of dynamic property App\Controllers\Pengadaan::$ModelBarang is deprecated in APPPATH\Controllers\Pengadaan.php on line 23.
 1 SYSTEMPATH\CodeIgniter.php(903): App\Controllers\Pengadaan->__construct()
 2 SYSTEMPATH\CodeIgniter.php(500): CodeIgniter\CodeIgniter->createController()
 3 SYSTEMPATH\CodeIgniter.php(355): CodeIgniter\CodeIgniter->handleRequest(null, Object(Config\Cache), false)
 4 SYSTEMPATH\Boot.php(325): CodeIgniter\CodeIgniter->run()
 5 SYSTEMPATH\Boot.php(67): CodeIgniter\Boot::runCodeIgniter(Object(CodeIgniter\CodeIgniter))
 6 FCPATH\index.php(56): CodeIgniter\Boot::bootWeb(Object(Config\Paths))
 7 SYSTEMPATH\Commands\Server\rewrite.php(49): require_once('C:\\xamppnew\\htdocs\\ci4-stilsa\\public\\index.php')
INFO - 2024-08-30 07:08:02 --> Session: Class initialized using 'CodeIgniter\Session\Handlers\FileHandler' driver.
WARNING - 2024-08-30 07:08:11 --> [DEPRECATED] Creation of dynamic property App\Controllers\Pengadaan::$ModelPengadaan is deprecated in APPPATH\Controllers\Pengadaan.php on line 18.
 1 SYSTEMPATH\CodeIgniter.php(903): App\Controllers\Pengadaan->__construct()
 2 SYSTEMPATH\CodeIgniter.php(500): CodeIgniter\CodeIgniter->createController()
 3 SYSTEMPATH\CodeIgniter.php(355): CodeIgniter\CodeIgniter->handleRequest(null, Object(Config\Cache), false)
 4 SYSTEMPATH\Boot.php(325): CodeIgniter\CodeIgniter->run()
 5 SYSTEMPATH\Boot.php(67): CodeIgniter\Boot::runCodeIgniter(Object(CodeIgniter\CodeIgniter))
 6 FCPATH\index.php(56): CodeIgniter\Boot::bootWeb(Object(Config\Paths))
 7 SYSTEMPATH\Commands\Server\rewrite.php(49): require_once('C:\\xamppnew\\htdocs\\ci4-stilsa\\public\\index.php')
WARNING - 2024-08-30 07:08:11 --> [DEPRECATED] Creation of dynamic property App\Controllers\Pengadaan::$ModelPermintaan is deprecated in APPPATH\Controllers\Pengadaan.php on line 19.
 1 SYSTEMPATH\CodeIgniter.php(903): App\Controllers\Pengadaan->__construct()
 2 SYSTEMPATH\CodeIgniter.php(500): CodeIgniter\CodeIgniter->createController()
 3 SYSTEMPATH\CodeIgniter.php(355): CodeIgniter\CodeIgniter->handleRequest(null, Object(Config\Cache), false)
 4 SYSTEMPATH\Boot.php(325): CodeIgniter\CodeIgniter->run()
 5 SYSTEMPATH\Boot.php(67): CodeIgniter\Boot::runCodeIgniter(Object(CodeIgniter\CodeIgniter))
 6 FCPATH\index.php(56): CodeIgniter\Boot::bootWeb(Object(Config\Paths))
 7 SYSTEMPATH\Commands\Server\rewrite.php(49): require_once('C:\\xamppnew\\htdocs\\ci4-stilsa\\public\\index.php')
WARNING - 2024-08-30 07:08:11 --> [DEPRECATED] Creation of dynamic property App\Controllers\Pengadaan::$ModelPenerimaan is deprecated in APPPATH\Controllers\Pengadaan.php on line 20.
 1 SYSTEMPATH\CodeIgniter.php(903): App\Controllers\Pengadaan->__construct()
 2 SYSTEMPATH\CodeIgniter.php(500): CodeIgniter\CodeIgniter->createController()
 3 SYSTEMPATH\CodeIgniter.php(355): CodeIgniter\CodeIgniter->handleRequest(null, Object(Config\Cache), false)
 4 SYSTEMPATH\Boot.php(325): CodeIgniter\CodeIgniter->run()
 5 SYSTEMPATH\Boot.php(67): CodeIgniter\Boot::runCodeIgniter(Object(CodeIgniter\CodeIgniter))
 6 FCPATH\index.php(56): CodeIgniter\Boot::bootWeb(Object(Config\Paths))
 7 SYSTEMPATH\Commands\Server\rewrite.php(49): require_once('C:\\xamppnew\\htdocs\\ci4-stilsa\\public\\index.php')
WARNING - 2024-08-30 07:08:11 --> [DEPRECATED] Creation of dynamic property App\Controllers\Pengadaan::$ModelDetailPengadaan is deprecated in APPPATH\Controllers\Pengadaan.php on line 21.
 1 SYSTEMPATH\CodeIgniter.php(903): App\Controllers\Pengadaan->__construct()
 2 SYSTEMPATH\CodeIgniter.php(500): CodeIgniter\CodeIgniter->createController()
 3 SYSTEMPATH\CodeIgniter.php(355): CodeIgniter\CodeIgniter->handleRequest(null, Object(Config\Cache), false)
 4 SYSTEMPATH\Boot.php(325): CodeIgniter\CodeIgniter->run()
 5 SYSTEMPATH\Boot.php(67): CodeIgniter\Boot::runCodeIgniter(Object(CodeIgniter\CodeIgniter))
 6 FCPATH\index.php(56): CodeIgniter\Boot::bootWeb(Object(Config\Paths))
 7 SYSTEMPATH\Commands\Server\rewrite.php(49): require_once('C:\\xamppnew\\htdocs\\ci4-stilsa\\public\\index.php')
WARNING - 2024-08-30 07:08:11 --> [DEPRECATED] Creation of dynamic property App\Controllers\Pengadaan::$ModelDetailPermintaan is deprecated in APPPATH\Controllers\Pengadaan.php on line 22.
 1 SYSTEMPATH\CodeIgniter.php(903): App\Controllers\Pengadaan->__construct()
 2 SYSTEMPATH\CodeIgniter.php(500): CodeIgniter\CodeIgniter->createController()
 3 SYSTEMPATH\CodeIgniter.php(355): CodeIgniter\CodeIgniter->handleRequest(null, Object(Config\Cache), false)
 4 SYSTEMPATH\Boot.php(325): CodeIgniter\CodeIgniter->run()
 5 SYSTEMPATH\Boot.php(67): CodeIgniter\Boot::runCodeIgniter(Object(CodeIgniter\CodeIgniter))
 6 FCPATH\index.php(56): CodeIgniter\Boot::bootWeb(Object(Config\Paths))
 7 SYSTEMPATH\Commands\Server\rewrite.php(49): require_once('C:\\xamppnew\\htdocs\\ci4-stilsa\\public\\index.php')
WARNING - 2024-08-30 07:08:11 --> [DEPRECATED] Creation of dynamic property App\Controllers\Pengadaan::$ModelBarang is deprecated in APPPATH\Controllers\Pengadaan.php on line 23.
 1 SYSTEMPATH\CodeIgniter.php(903): App\Controllers\Pengadaan->__construct()
 2 SYSTEMPATH\CodeIgniter.php(500): CodeIgniter\CodeIgniter->createController()
 3 SYSTEMPATH\CodeIgniter.php(355): CodeIgniter\CodeIgniter->handleRequest(null, Object(Config\Cache), false)
 4 SYSTEMPATH\Boot.php(325): CodeIgniter\CodeIgniter->run()
 5 SYSTEMPATH\Boot.php(67): CodeIgniter\Boot::runCodeIgniter(Object(CodeIgniter\CodeIgniter))
 6 FCPATH\index.php(56): CodeIgniter\Boot::bootWeb(Object(Config\Paths))
 7 SYSTEMPATH\Commands\Server\rewrite.php(49): require_once('C:\\xamppnew\\htdocs\\ci4-stilsa\\public\\index.php')
INFO - 2024-08-30 07:08:11 --> Session: Class initialized using 'CodeIgniter\Session\Handlers\FileHandler' driver.
WARNING - 2024-08-30 07:08:17 --> [DEPRECATED] Creation of dynamic property App\Controllers\Pengadaan::$ModelPengadaan is deprecated in APPPATH\Controllers\Pengadaan.php on line 18.
 1 SYSTEMPATH\CodeIgniter.php(903): App\Controllers\Pengadaan->__construct()
 2 SYSTEMPATH\CodeIgniter.php(500): CodeIgniter\CodeIgniter->createController()
 3 SYSTEMPATH\CodeIgniter.php(355): CodeIgniter\CodeIgniter->handleRequest(null, Object(Config\Cache), false)
 4 SYSTEMPATH\Boot.php(325): CodeIgniter\CodeIgniter->run()
 5 SYSTEMPATH\Boot.php(67): CodeIgniter\Boot::runCodeIgniter(Object(CodeIgniter\CodeIgniter))
 6 FCPATH\index.php(56): CodeIgniter\Boot::bootWeb(Object(Config\Paths))
 7 SYSTEMPATH\Commands\Server\rewrite.php(49): require_once('C:\\xamppnew\\htdocs\\ci4-stilsa\\public\\index.php')
WARNING - 2024-08-30 07:08:17 --> [DEPRECATED] Creation of dynamic property App\Controllers\Pengadaan::$ModelPermintaan is deprecated in APPPATH\Controllers\Pengadaan.php on line 19.
 1 SYSTEMPATH\CodeIgniter.php(903): App\Controllers\Pengadaan->__construct()
 2 SYSTEMPATH\CodeIgniter.php(500): CodeIgniter\CodeIgniter->createController()
 3 SYSTEMPATH\CodeIgniter.php(355): CodeIgniter\CodeIgniter->handleRequest(null, Object(Config\Cache), false)
 4 SYSTEMPATH\Boot.php(325): CodeIgniter\CodeIgniter->run()
 5 SYSTEMPATH\Boot.php(67): CodeIgniter\Boot::runCodeIgniter(Object(CodeIgniter\CodeIgniter))
 6 FCPATH\index.php(56): CodeIgniter\Boot::bootWeb(Object(Config\Paths))
 7 SYSTEMPATH\Commands\Server\rewrite.php(49): require_once('C:\\xamppnew\\htdocs\\ci4-stilsa\\public\\index.php')
WARNING - 2024-08-30 07:08:17 --> [DEPRECATED] Creation of dynamic property App\Controllers\Pengadaan::$ModelPenerimaan is deprecated in APPPATH\Controllers\Pengadaan.php on line 20.
 1 SYSTEMPATH\CodeIgniter.php(903): App\Controllers\Pengadaan->__construct()
 2 SYSTEMPATH\CodeIgniter.php(500): CodeIgniter\CodeIgniter->createController()
 3 SYSTEMPATH\CodeIgniter.php(355): CodeIgniter\CodeIgniter->handleRequest(null, Object(Config\Cache), false)
 4 SYSTEMPATH\Boot.php(325): CodeIgniter\CodeIgniter->run()
 5 SYSTEMPATH\Boot.php(67): CodeIgniter\Boot::runCodeIgniter(Object(CodeIgniter\CodeIgniter))
 6 FCPATH\index.php(56): CodeIgniter\Boot::bootWeb(Object(Config\Paths))
 7 SYSTEMPATH\Commands\Server\rewrite.php(49): require_once('C:\\xamppnew\\htdocs\\ci4-stilsa\\public\\index.php')
WARNING - 2024-08-30 07:08:17 --> [DEPRECATED] Creation of dynamic property App\Controllers\Pengadaan::$ModelDetailPengadaan is deprecated in APPPATH\Controllers\Pengadaan.php on line 21.
 1 SYSTEMPATH\CodeIgniter.php(903): App\Controllers\Pengadaan->__construct()
 2 SYSTEMPATH\CodeIgniter.php(500): CodeIgniter\CodeIgniter->createController()
 3 SYSTEMPATH\CodeIgniter.php(355): CodeIgniter\CodeIgniter->handleRequest(null, Object(Config\Cache), false)
 4 SYSTEMPATH\Boot.php(325): CodeIgniter\CodeIgniter->run()
 5 SYSTEMPATH\Boot.php(67): CodeIgniter\Boot::runCodeIgniter(Object(CodeIgniter\CodeIgniter))
 6 FCPATH\index.php(56): CodeIgniter\Boot::bootWeb(Object(Config\Paths))
 7 SYSTEMPATH\Commands\Server\rewrite.php(49): require_once('C:\\xamppnew\\htdocs\\ci4-stilsa\\public\\index.php')
WARNING - 2024-08-30 07:08:17 --> [DEPRECATED] Creation of dynamic property App\Controllers\Pengadaan::$ModelDetailPermintaan is deprecated in APPPATH\Controllers\Pengadaan.php on line 22.
 1 SYSTEMPATH\CodeIgniter.php(903): App\Controllers\Pengadaan->__construct()
 2 SYSTEMPATH\CodeIgniter.php(500): CodeIgniter\CodeIgniter->createController()
 3 SYSTEMPATH\CodeIgniter.php(355): CodeIgniter\CodeIgniter->handleRequest(null, Object(Config\Cache), false)
 4 SYSTEMPATH\Boot.php(325): CodeIgniter\CodeIgniter->run()
 5 SYSTEMPATH\Boot.php(67): CodeIgniter\Boot::runCodeIgniter(Object(CodeIgniter\CodeIgniter))
 6 FCPATH\index.php(56): CodeIgniter\Boot::bootWeb(Object(Config\Paths))
 7 SYSTEMPATH\Commands\Server\rewrite.php(49): require_once('C:\\xamppnew\\htdocs\\ci4-stilsa\\public\\index.php')
WARNING - 2024-08-30 07:08:17 --> [DEPRECATED] Creation of dynamic property App\Controllers\Pengadaan::$ModelBarang is deprecated in APPPATH\Controllers\Pengadaan.php on line 23.
 1 SYSTEMPATH\CodeIgniter.php(903): App\Controllers\Pengadaan->__construct()
 2 SYSTEMPATH\CodeIgniter.php(500): CodeIgniter\CodeIgniter->createController()
 3 SYSTEMPATH\CodeIgniter.php(355): CodeIgniter\CodeIgniter->handleRequest(null, Object(Config\Cache), false)
 4 SYSTEMPATH\Boot.php(325): CodeIgniter\CodeIgniter->run()
 5 SYSTEMPATH\Boot.php(67): CodeIgniter\Boot::runCodeIgniter(Object(CodeIgniter\CodeIgniter))
 6 FCPATH\index.php(56): CodeIgniter\Boot::bootWeb(Object(Config\Paths))
 7 SYSTEMPATH\Commands\Server\rewrite.php(49): require_once('C:\\xamppnew\\htdocs\\ci4-stilsa\\public\\index.php')
INFO - 2024-08-30 07:08:17 --> Session: Class initialized using 'CodeIgniter\Session\Handlers\FileHandler' driver.
WARNING - 2024-08-30 07:08:20 --> [DEPRECATED] Creation of dynamic property App\Controllers\Barang::$ModelBarang is deprecated in APPPATH\Controllers\Barang.php on line 21.
 1 SYSTEMPATH\CodeIgniter.php(903): App\Controllers\Barang->__construct()
 2 SYSTEMPATH\CodeIgniter.php(500): CodeIgniter\CodeIgniter->createController()
 3 SYSTEMPATH\CodeIgniter.php(355): CodeIgniter\CodeIgniter->handleRequest(null, Object(Config\Cache), false)
 4 SYSTEMPATH\Boot.php(325): CodeIgniter\CodeIgniter->run()
 5 SYSTEMPATH\Boot.php(67): CodeIgniter\Boot::runCodeIgniter(Object(CodeIgniter\CodeIgniter))
 6 FCPATH\index.php(56): CodeIgniter\Boot::bootWeb(Object(Config\Paths))
 7 SYSTEMPATH\Commands\Server\rewrite.php(49): require_once('C:\\xamppnew\\htdocs\\ci4-stilsa\\public\\index.php')
WARNING - 2024-08-30 07:08:20 --> [DEPRECATED] Creation of dynamic property App\Controllers\Barang::$ModelDetailPenerimaan is deprecated in APPPATH\Controllers\Barang.php on line 22.
 1 SYSTEMPATH\CodeIgniter.php(903): App\Controllers\Barang->__construct()
 2 SYSTEMPATH\CodeIgniter.php(500): CodeIgniter\CodeIgniter->createController()
 3 SYSTEMPATH\CodeIgniter.php(355): CodeIgniter\CodeIgniter->handleRequest(null, Object(Config\Cache), false)
 4 SYSTEMPATH\Boot.php(325): CodeIgniter\CodeIgniter->run()
 5 SYSTEMPATH\Boot.php(67): CodeIgniter\Boot::runCodeIgniter(Object(CodeIgniter\CodeIgniter))
 6 FCPATH\index.php(56): CodeIgniter\Boot::bootWeb(Object(Config\Paths))
 7 SYSTEMPATH\Commands\Server\rewrite.php(49): require_once('C:\\xamppnew\\htdocs\\ci4-stilsa\\public\\index.php')
WARNING - 2024-08-30 07:08:20 --> [DEPRECATED] Creation of dynamic property App\Controllers\Barang::$ModelDetailPengeluaran is deprecated in APPPATH\Controllers\Barang.php on line 23.
 1 SYSTEMPATH\CodeIgniter.php(903): App\Controllers\Barang->__construct()
 2 SYSTEMPATH\CodeIgniter.php(500): CodeIgniter\CodeIgniter->createController()
 3 SYSTEMPATH\CodeIgniter.php(355): CodeIgniter\CodeIgniter->handleRequest(null, Object(Config\Cache), false)
 4 SYSTEMPATH\Boot.php(325): CodeIgniter\CodeIgniter->run()
 5 SYSTEMPATH\Boot.php(67): CodeIgniter\Boot::runCodeIgniter(Object(CodeIgniter\CodeIgniter))
 6 FCPATH\index.php(56): CodeIgniter\Boot::bootWeb(Object(Config\Paths))
 7 SYSTEMPATH\Commands\Server\rewrite.php(49): require_once('C:\\xamppnew\\htdocs\\ci4-stilsa\\public\\index.php')
WARNING - 2024-08-30 07:08:20 --> [DEPRECATED] Creation of dynamic property App\Controllers\Barang::$ModelDetailPenukaran is deprecated in APPPATH\Controllers\Barang.php on line 24.
 1 SYSTEMPATH\CodeIgniter.php(903): App\Controllers\Barang->__construct()
 2 SYSTEMPATH\CodeIgniter.php(500): CodeIgniter\CodeIgniter->createController()
 3 SYSTEMPATH\CodeIgniter.php(355): CodeIgniter\CodeIgniter->handleRequest(null, Object(Config\Cache), false)
 4 SYSTEMPATH\Boot.php(325): CodeIgniter\CodeIgniter->run()
 5 SYSTEMPATH\Boot.php(67): CodeIgniter\Boot::runCodeIgniter(Object(CodeIgniter\CodeIgniter))
 6 FCPATH\index.php(56): CodeIgniter\Boot::bootWeb(Object(Config\Paths))
 7 SYSTEMPATH\Commands\Server\rewrite.php(49): require_once('C:\\xamppnew\\htdocs\\ci4-stilsa\\public\\index.php')
INFO - 2024-08-30 07:08:20 --> Session: Class initialized using 'CodeIgniter\Session\Handlers\FileHandler' driver.
WARNING - 2024-08-30 07:08:23 --> [DEPRECATED] Creation of dynamic property App\Controllers\Barang::$ModelBarang is deprecated in APPPATH\Controllers\Barang.php on line 21.
 1 SYSTEMPATH\CodeIgniter.php(903): App\Controllers\Barang->__construct()
 2 SYSTEMPATH\CodeIgniter.php(500): CodeIgniter\CodeIgniter->createController()
 3 SYSTEMPATH\CodeIgniter.php(355): CodeIgniter\CodeIgniter->handleRequest(null, Object(Config\Cache), false)
 4 SYSTEMPATH\Boot.php(325): CodeIgniter\CodeIgniter->run()
 5 SYSTEMPATH\Boot.php(67): CodeIgniter\Boot::runCodeIgniter(Object(CodeIgniter\CodeIgniter))
 6 FCPATH\index.php(56): CodeIgniter\Boot::bootWeb(Object(Config\Paths))
 7 SYSTEMPATH\Commands\Server\rewrite.php(49): require_once('C:\\xamppnew\\htdocs\\ci4-stilsa\\public\\index.php')
WARNING - 2024-08-30 07:08:23 --> [DEPRECATED] Creation of dynamic property App\Controllers\Barang::$ModelDetailPenerimaan is deprecated in APPPATH\Controllers\Barang.php on line 22.
 1 SYSTEMPATH\CodeIgniter.php(903): App\Controllers\Barang->__construct()
 2 SYSTEMPATH\CodeIgniter.php(500): CodeIgniter\CodeIgniter->createController()
 3 SYSTEMPATH\CodeIgniter.php(355): CodeIgniter\CodeIgniter->handleRequest(null, Object(Config\Cache), false)
 4 SYSTEMPATH\Boot.php(325): CodeIgniter\CodeIgniter->run()
 5 SYSTEMPATH\Boot.php(67): CodeIgniter\Boot::runCodeIgniter(Object(CodeIgniter\CodeIgniter))
 6 FCPATH\index.php(56): CodeIgniter\Boot::bootWeb(Object(Config\Paths))
 7 SYSTEMPATH\Commands\Server\rewrite.php(49): require_once('C:\\xamppnew\\htdocs\\ci4-stilsa\\public\\index.php')
WARNING - 2024-08-30 07:08:23 --> [DEPRECATED] Creation of dynamic property App\Controllers\Barang::$ModelDetailPengeluaran is deprecated in APPPATH\Controllers\Barang.php on line 23.
 1 SYSTEMPATH\CodeIgniter.php(903): App\Controllers\Barang->__construct()
 2 SYSTEMPATH\CodeIgniter.php(500): CodeIgniter\CodeIgniter->createController()
 3 SYSTEMPATH\CodeIgniter.php(355): CodeIgniter\CodeIgniter->handleRequest(null, Object(Config\Cache), false)
 4 SYSTEMPATH\Boot.php(325): CodeIgniter\CodeIgniter->run()
 5 SYSTEMPATH\Boot.php(67): CodeIgniter\Boot::runCodeIgniter(Object(CodeIgniter\CodeIgniter))
 6 FCPATH\index.php(56): CodeIgniter\Boot::bootWeb(Object(Config\Paths))
 7 SYSTEMPATH\Commands\Server\rewrite.php(49): require_once('C:\\xamppnew\\htdocs\\ci4-stilsa\\public\\index.php')
WARNING - 2024-08-30 07:08:23 --> [DEPRECATED] Creation of dynamic property App\Controllers\Barang::$ModelDetailPenukaran is deprecated in APPPATH\Controllers\Barang.php on line 24.
 1 SYSTEMPATH\CodeIgniter.php(903): App\Controllers\Barang->__construct()
 2 SYSTEMPATH\CodeIgniter.php(500): CodeIgniter\CodeIgniter->createController()
 3 SYSTEMPATH\CodeIgniter.php(355): CodeIgniter\CodeIgniter->handleRequest(null, Object(Config\Cache), false)
 4 SYSTEMPATH\Boot.php(325): CodeIgniter\CodeIgniter->run()
 5 SYSTEMPATH\Boot.php(67): CodeIgniter\Boot::runCodeIgniter(Object(CodeIgniter\CodeIgniter))
 6 FCPATH\index.php(56): CodeIgniter\Boot::bootWeb(Object(Config\Paths))
 7 SYSTEMPATH\Commands\Server\rewrite.php(49): require_once('C:\\xamppnew\\htdocs\\ci4-stilsa\\public\\index.php')
INFO - 2024-08-30 07:08:23 --> Session: Class initialized using 'CodeIgniter\Session\Handlers\FileHandler' driver.
